INFO:  latexindent version 3.23.6, 2024-01-17, a script to indent .tex files
       latexindent lives here: /usr/share/texlive/texmf-dist/scripts/latexindent/
       Thu Apr  2 02:11:17 2026
       Filename: /home/augchao/Work/Lora-Sec/papers/IEEE/main.tex
INFO:  Processing switches:
       -s|--silent: Silent mode active (you have used either -s or --silent)
       -w|--overwrite: Overwrite mode active, will make a back up before overwriting
INFO:  Directory for backup files and indent.log:
       /home/augchao/Work/Lora-Sec/papers/IEEE
INFO:  YAML settings read: defaultSettings.yaml
       Reading defaultSettings.yaml from /usr/share/texlive/texmf-dist/scripts/latexindent/defaultSettings.yaml
INFO:  YAML reading settings
       Home directory is /home/augchao
       latexindent.pl didn't find indentconfig.yaml or .indentconfig.yaml
       see all possible locations: https://latexindentpl.readthedocs.io/en/latest/sec-appendices.html#indentconfig-options)
INFO:  Backup procedure (-w flag active):
       /home/augchao/Work/Lora-Sec/papers/IEEE/main.bak0 already exists, incrementing by 1 (see maxNumberOfBackUps)
       /home/augchao/Work/Lora-Sec/papers/IEEE/main.bak1 already exists, incrementing by 1 (see maxNumberOfBackUps)
       /home/augchao/Work/Lora-Sec/papers/IEEE/main.bak2 already exists, incrementing by 1 (see maxNumberOfBackUps)
       /home/augchao/Work/Lora-Sec/papers/IEEE/main.bak3 already exists, incrementing by 1 (see maxNumberOfBackUps)
       /home/augchao/Work/Lora-Sec/papers/IEEE/main.bak4 already exists, incrementing by 1 (see maxNumberOfBackUps)
       /home/augchao/Work/Lora-Sec/papers/IEEE/main.bak5 already exists, incrementing by 1 (see maxNumberOfBackUps)
       /home/augchao/Work/Lora-Sec/papers/IEEE/main.bak6 already exists, incrementing by 1 (see maxNumberOfBackUps)
       /home/augchao/Work/Lora-Sec/papers/IEEE/main.bak7 already exists, incrementing by 1 (see maxNumberOfBackUps)
       /home/augchao/Work/Lora-Sec/papers/IEEE/main.bak8 already exists, incrementing by 1 (see maxNumberOfBackUps)
       /home/augchao/Work/Lora-Sec/papers/IEEE/main.bak9 already exists, incrementing by 1 (see maxNumberOfBackUps)
       /home/augchao/Work/Lora-Sec/papers/IEEE/main.bak10 already exists, incrementing by 1 (see maxNumberOfBackUps)
       /home/augchao/Work/Lora-Sec/papers/IEEE/main.bak11 already exists, incrementing by 1 (see maxNumberOfBackUps)
       /home/augchao/Work/Lora-Sec/papers/IEEE/main.bak12 already exists, incrementing by 1 (see maxNumberOfBackUps)
       /home/augchao/Work/Lora-Sec/papers/IEEE/main.bak13 already exists, incrementing by 1 (see maxNumberOfBackUps)
       /home/augchao/Work/Lora-Sec/papers/IEEE/main.bak14 already exists, incrementing by 1 (see maxNumberOfBackUps)
       /home/augchao/Work/Lora-Sec/papers/IEEE/main.bak15 already exists, incrementing by 1 (see maxNumberOfBackUps)
       /home/augchao/Work/Lora-Sec/papers/IEEE/main.bak16 already exists, incrementing by 1 (see maxNumberOfBackUps)
       /home/augchao/Work/Lora-Sec/papers/IEEE/main.bak17 already exists, incrementing by 1 (see maxNumberOfBackUps)
       /home/augchao/Work/Lora-Sec/papers/IEEE/main.bak18 already exists, incrementing by 1 (see maxNumberOfBackUps)
       /home/augchao/Work/Lora-Sec/papers/IEEE/main.bak19 already exists, incrementing by 1 (see maxNumberOfBackUps)
       /home/augchao/Work/Lora-Sec/papers/IEEE/main.bak20 already exists, incrementing by 1 (see maxNumberOfBackUps)
       /home/augchao/Work/Lora-Sec/papers/IEEE/main.bak21 already exists, incrementing by 1 (see maxNumberOfBackUps)
       /home/augchao/Work/Lora-Sec/papers/IEEE/main.bak22 already exists, incrementing by 1 (see maxNumberOfBackUps)
       /home/augchao/Work/Lora-Sec/papers/IEEE/main.bak23 already exists, incrementing by 1 (see maxNumberOfBackUps)
       /home/augchao/Work/Lora-Sec/papers/IEEE/main.bak24 already exists, incrementing by 1 (see maxNumberOfBackUps)
       /home/augchao/Work/Lora-Sec/papers/IEEE/main.bak25 already exists, incrementing by 1 (see maxNumberOfBackUps)
       /home/augchao/Work/Lora-Sec/papers/IEEE/main.bak26 already exists, incrementing by 1 (see maxNumberOfBackUps)
       /home/augchao/Work/Lora-Sec/papers/IEEE/main.bak27 already exists, incrementing by 1 (see maxNumberOfBackUps)
       /home/augchao/Work/Lora-Sec/papers/IEEE/main.bak28 already exists, incrementing by 1 (see maxNumberOfBackUps)
       /home/augchao/Work/Lora-Sec/papers/IEEE/main.bak29 already exists, incrementing by 1 (see maxNumberOfBackUps)
       Backing up /home/augchao/Work/Lora-Sec/papers/IEEE/main.tex to /home/augchao/Work/Lora-Sec/papers/IEEE/main.bak30...
       /home/augchao/Work/Lora-Sec/papers/IEEE/main.tex will be overwritten after indentation
INFO:  Phase 1: searching for objects
INFO:  Phase 2: finding surrounding indentation
INFO:  Phase 3: indenting objects
INFO:  Phase 4: final indentation check
INFO:  Output routine:
       Overwriting file /home/augchao/Work/Lora-Sec/papers/IEEE/main.tex
       --------------
INFO:  Please direct all communication/issues to:
        https://github.com/cmhughes/latexindent.pl
