ESP-ROM:esp32s3-20210327
Build:Mar 27 2021
rst:0x15 (USB_UART_CHIP_RESET),boot:0x19 (SPI_FAST_FLASH_BOOT)
Saved PC:0x4037ce2a
SPIWP:0xee
mode:DIO, clock div:1
load:0x3fce2820,len:0x10cc
load:0x403c8700,len:0xc2c
load:0x403cb700,len:0x30c0
entry 0x403c88b8

=== E13 Relay 0x11 (honest, SECURITY_MODE=1) ===
[INFO] Demonstrates: insider Black Hole bypasses HMAC patch.
[INFO] This relay will accept 0xCC's Hello (valid HMAC) and route into black hole.
[RADIO] SX1262 ready @ 923 MHz AS923
[ROUTE] NH=0x22 metric=2
[RELAY] Re-broadcast Hello metric=2 (learned from 0x22 metric=1)
[RELAY] Re-broadcast Hello metric=4 (learned from 0x22 metric=3)
[TX] DATA id=0 via=0x22
[ROUTE] NH=0xCC metric=1 — BLACK HOLE inserted (HMAC valid!)
[RELAY] Re-broadcast Hello metric=1 (learned from 0xCC metric=0)
[TX] DATA id=1 via=0xCC
[RX] ACK id=1 PDR=50.0%
[RELAY] Re-broadcast Hello metric=3 (learned from 0x22 metric=2)
[RELAY] Re-broadcast Hello metric=2 (learned from 0x22 metric=1)
[RELAY] Re-broadcast Hello metric=4 (learned from 0x22 metric=3)
[TX] DATA id=2 via=0xCC
[RELAY] Re-broadcast Hello metric=1 (learned from 0xCC metric=0)
[TX] DATA id=3 via=0xCC
[RELAY] Re-broadcast Hello metric=1 (learned from 0xBB metric=0)
[TX] DATA id=4 via=0xCC
[TX] DATA id=5 via=0xCC
[RELAY] Re-broadcast Hello metric=1 (learned from 0xBB metric=0)
[RELAY] Re-broadcast Hello metric=1 (learned from 0xCC metric=0)
[TX] DATA id=6 via=0xCC
[TX] DATA id=7 via=0xCC
[ROUTE] NH=0x22 metric=2
[RELAY] Re-broadcast Hello metric=2 (learned from 0x22 metric=1)
[RELAY] Re-broadcast Hello metric=4 (learned from 0x22 metric=3)
[TX] DATA id=8 via=0x22
[ROUTE] NH=0xCC metric=1 — BLACK HOLE inserted (HMAC valid!)
[RELAY] Re-broadcast Hello metric=1 (learned from 0xCC metric=0)
[TX] DATA id=9 via=0xCC
[RX] ACK id=9 PDR=20.0%
[RELAY] Re-broadcast Hello metric=3 (learned from 0x22 metric=2)
[RELAY] Re-broadcast Hello metric=2 (learned from 0x22 metric=1)
[RELAY] Re-broadcast Hello metric=4 (learned from 0x22 metric=3)
[TX] DATA id=10 via=0xCC
[RELAY] Re-broadcast Hello metric=1 (learned from 0xCC metric=0)
[TX] DATA id=11 via=0xCC
[RELAY] Re-broadcast Hello metric=1 (learned from 0xBB metric=0)
[TX] DATA id=12 via=0xCC
[TX] DATA id=13 via=0xCC
[RELAY] Re-broadcast Hello metric=1 (learned from 0xBB metric=0)
[RELAY] Re-broadcast Hello metric=1 (learned from 0xCC metric=0)
[TX] DATA id=14 via=0xCC
[TX] DATA id=15 via=0xCC
[ROUTE] NH=0x22 metric=2
[RELAY] Re-broadcast Hello metric=2 (learned from 0x22 metric=1)
[RELAY] Re-broadcast Hello metric=4 (learned from 0x22 metric=3)
[TX] DATA id=16 via=0x22
[ROUTE] NH=0xCC metric=1 — BLACK HOLE inserted (HMAC valid!)
[RELAY] Re-broadcast Hello metric=1 (learned from 0xCC metric=0)
[TX] DATA id=17 via=0xCC
[RX] ACK id=17 PDR=16.7%
[RELAY] Re-broadcast Hello metric=3 (learned from 0x22 metric=2)
[RELAY] Re-broadcast Hello metric=2 (learned from 0x22 metric=1)
[RELAY] Re-broadcast Hello metric=4 (learned from 0x22 metric=3)
[TX] DATA id=18 via=0xCC
[RELAY] Re-broadcast Hello metric=1 (learned from 0xCC metric=0)
[TX] DATA id=19 via=0xCC
[RELAY] Re-broadcast Hello metric=1 (learned from 0xBB metric=0)
[TX] DATA id=20 via=0xCC
[TX] DATA id=21 via=0xCC
[RELAY] Re-broadcast Hello metric=1 (learned from 0xBB metric=0)
[RELAY] Re-broadcast Hello metric=1 (learned from 0xCC metric=0)
[TX] DATA id=22 via=0xCC
