ESP-ROM:esp32s3-20210327
Build:Mar 27 2021
rst:0x15 (USB_UART_CHIP_RESET),boot:0x19 (SPI_FAST_FLASH_BOOT)
Saved PC:0x4037ce2a
SPIWP:0xee
mode:DIO, clock div:1
load:0x3fce2820,len:0x10cc
load:0x403c8700,len:0xc2c
load:0x403cb700,len:0x30c0
entry 0x403c88b8

=== E13 Node A (SENDER — honest, SECURITY_MODE=1) ===
[INFO] Demonstrates: insider Black Hole bypasses HMAC patch.
[INFO] Watch for NH=0xCC after attacker broadcasts signed Hello.
[INFO] PDR should drop to 0% when routing to 0xCC.
[RADIO] SX1262 ready @ 923 MHz AS923
[ROUTE] Best NH=0x22 metric=2
[TX] DATA id=0 via=0x22 PDR=0.0%
[ROUTE] NH=0xCC metric=1 — ATTACKER INSERTED (HMAC passed!)
[ROUTE] Black Hole attack SUCCESS: route table poisoned
[TX] DATA id=1 via=0xCC (BLACK HOLE!) PDR=0.0%
[WARN] Routing to attacker 0xCC — expect no ACK
[TX] DATA id=2 via=0xCC (BLACK HOLE!) PDR=0.0%
[WARN] Routing to attacker 0xCC — expect no ACK
[TX] DATA id=3 via=0xCC (BLACK HOLE!) PDR=0.0%
[WARN] Routing to attacker 0xCC — expect no ACK
[TX] DATA id=4 via=0xCC (BLACK HOLE!) PDR=0.0%
[WARN] Routing to attacker 0xCC — expect no ACK
[TX] DATA id=5 via=0xCC (BLACK HOLE!) PDR=0.0%
[WARN] Routing to attacker 0xCC — expect no ACK
[TX] DATA id=6 via=0xCC (BLACK HOLE!) PDR=0.0%
[WARN] Routing to attacker 0xCC — expect no ACK
[TX] DATA id=7 via=0xCC (BLACK HOLE!) PDR=0.0%
[WARN] Routing to attacker 0xCC — expect no ACK
[ROUTE] Best NH=0x22 metric=2
[TX] DATA id=8 via=0x22 PDR=0.0%
[ROUTE] NH=0xCC metric=1 — ATTACKER INSERTED (HMAC passed!)
[ROUTE] Black Hole attack SUCCESS: route table poisoned
[TX] DATA id=9 via=0xCC (BLACK HOLE!) PDR=0.0%
[WARN] Routing to attacker 0xCC — expect no ACK
[TX] DATA id=10 via=0xCC (BLACK HOLE!) PDR=0.0%
[WARN] Routing to attacker 0xCC — expect no ACK
[TX] DATA id=11 via=0xCC (BLACK HOLE!) PDR=0.0%
[WARN] Routing to attacker 0xCC — expect no ACK
[TX] DATA id=12 via=0xCC (BLACK HOLE!) PDR=0.0%
[WARN] Routing to attacker 0xCC — expect no ACK
[TX] DATA id=13 via=0xCC (BLACK HOLE!) PDR=0.0%
[WARN] Routing to attacker 0xCC — expect no ACK
[TX] DATA id=14 via=0xCC (BLACK HOLE!) PDR=0.0%
[WARN] Routing to attacker 0xCC — expect no ACK
[TX] DATA id=15 via=0xCC (BLACK HOLE!) PDR=0.0%
[WARN] Routing to attacker 0xCC — expect no ACK
[ROUTE] Best NH=0x22 metric=2
[TX] DATA id=16 via=0x22 PDR=0.0%
[ROUTE] NH=0xCC metric=1 — ATTACKER INSERTED (HMAC passed!)
[ROUTE] Black Hole attack SUCCESS: route table poisoned
[TX] DATA id=17 via=0xCC (BLACK HOLE!) PDR=0.0%
[WARN] Routing to attacker 0xCC — expect no ACK
[TX] DATA id=18 via=0xCC (BLACK HOLE!) PDR=0.0%
[WARN] Routing to attacker 0xCC — expect no ACK
[TX] DATA id=19 via=0xCC (BLACK HOLE!) PDR=0.0%
[WARN] Routing to attacker 0xCC — expect no ACK
[TX] DATA id=20 via=0xCC (BLACK HOLE!) PDR=0.0%
[WARN] Routing to attacker 0xCC — expect no ACK
[TX] DATA id=21 via=0xCC (BLACK HOLE!) PDR=0.0%
[WARN] Routing to attacker 0xCC — expect no ACK
[TX] DATA id=22 via=0xCC (BLACK HOLE!) PDR=0.0%
[WARN] Routing to attacker 0xCC — expect no ACK
