[B(0xBB)] 09:13:34.272 ESP-ROM:esp32s3-20210327
[B(0xBB)] 09:13:34.273 Build:Mar 27 2021
[B(0xBB)] 09:13:34.275 rst:0x15 (USB_UART_CHIP_RESET),boot:0x19 (SPI_FAST_FLASH_BOOT)
[B(0xBB)] 09:13:34.277 Saved PC:0x4037ce2a
[B(0xBB)] 09:13:34.278 SPIWP:0xee
[B(0xBB)] 09:13:34.278 mode:DIO, clock div:1
[B(0xBB)] 09:13:34.279 load:0x3fce2820,len:0x10cc
[B(0xBB)] 09:13:34.280 load:0x403c8700,len:0xc2c
[B(0xBB)] 09:13:34.281 load:0x403cb700,len:0x30c0
[B(0xBB)] 09:13:34.282 entry 0x403c88b8
[B(0xBB)] 09:13:34.428 
[B(0xBB)] 09:13:34.428 === E9 Node B (GATEWAY — honest, SECURITY_MODE=1) ===
[B(0xBB)] 09:13:34.429 [INFO] Gateway broadcasts Hello. Insider attacker (0xCC) races with own Hello.
[B(0xBB)] 09:13:34.430 [INFO] All honest nodes route to 0xCC (Sybil Flooding). PDR drops to 0%.
[B(0xBB)] 09:13:34.430 [INFO] This gateway cannot detect the Sybil Flooding — it just observes silence.
[B(0xBB)] 09:13:34.521 [RADIO] SX1262 ready @ 923 MHz AS923
[B(0xBB)] 09:13:34.878 [TX] Hello seq=0 (hello #1)
[B(0xBB)] 09:13:39.213 [RX] DATA id=0 from 0x33 payload=330000 (total=1)
[B(0xBB)] 09:13:39.356 [TX] ACK id=0 → 0x33
[B(0xBB)] 09:13:44.210 [RX] DATA id=1 from 0x33 payload=330001 (total=2)
[B(0xBB)] 09:13:44.363 [TX] ACK id=1 → 0x33
[B(0xBB)] 09:13:45.130 [TX] Hello seq=1 (hello #2)
[B(0xBB)] 09:13:49.495 [RX] DATA id=2 from 0x33 payload=330002 (total=3)
[B(0xBB)] 09:13:49.637 [TX] ACK id=2 → 0x33
[B(0xBB)] 09:13:54.486 [RX] DATA id=3 from 0x33 payload=330003 (total=4)
[B(0xBB)] 09:13:54.636 [TX] ACK id=3 → 0x33
[B(0xBB)] 09:13:55.139 [TX] Hello seq=2 (hello #3)
[B(0xBB)] 09:13:59.489 [RX] DATA id=4 from 0x33 payload=330004 (total=5)
[B(0xBB)] 09:13:59.640 [TX] ACK id=4 → 0x33
[B(0xBB)] 09:14:04.491 [RX] DATA id=5 from 0x33 payload=330005 (total=6)
[B(0xBB)] 09:14:04.635 [TX] ACK id=5 → 0x33
[B(0xBB)] 09:14:05.130 [TX] Hello seq=3 (hello #4)
[B(0xBB)] 09:14:09.497 [RX] DATA id=6 from 0x33 payload=330006 (total=7)
[B(0xBB)] 09:14:09.636 [TX] ACK id=6 → 0x33
[B(0xBB)] 09:14:14.492 [RX] DATA id=7 from 0x33 payload=330007 (total=8)
[B(0xBB)] 09:14:14.638 [TX] ACK id=7 → 0x33
[B(0xBB)] 09:14:15.130 [TX] Hello seq=4 (hello #5)
[B(0xBB)] 09:14:19.488 [RX] DATA id=8 from 0x33 payload=330008 (total=9)
[B(0xBB)] 09:14:19.643 [TX] ACK id=8 → 0x33
[B(0xBB)] 09:14:24.489 [RX] DATA id=9 from 0x33 payload=330009 (total=10)
[B(0xBB)] 09:14:24.636 [TX] ACK id=9 → 0x33
[B(0xBB)] 09:14:25.137 [TX] Hello seq=5 (hello #6)
[B(0xBB)] 09:14:29.496 [RX] DATA id=10 from 0x33 payload=330010 (total=11)
[B(0xBB)] 09:14:29.642 [TX] ACK id=10 → 0x33
[B(0xBB)] 09:14:34.493 [RX] DATA id=11 from 0x33 payload=330011 (total=12)
[B(0xBB)] 09:14:34.640 [TX] ACK id=11 → 0x33
[B(0xBB)] 09:14:35.128 [TX] Hello seq=6 (hello #7)
[B(0xBB)] 09:14:39.492 [RX] DATA id=12 from 0x33 payload=330012 (total=13)
[B(0xBB)] 09:14:39.635 [TX] ACK id=12 → 0x33
[B(0xBB)] 09:14:44.498 [RX] DATA id=13 from 0x33 payload=330013 (total=14)
[B(0xBB)] 09:14:44.644 [TX] ACK id=13 → 0x33
[B(0xBB)] 09:14:45.134 [TX] Hello seq=7 (hello #8)
[B(0xBB)] 09:14:49.491 [RX] DATA id=14 from 0x33 payload=330014 (total=15)
[B(0xBB)] 09:14:49.639 [TX] ACK id=14 → 0x33
[B(0xBB)] 09:14:54.492 [RX] DATA id=15 from 0x33 payload=330015 (total=16)
[B(0xBB)] 09:14:54.639 [TX] ACK id=15 → 0x33
[B(0xBB)] 09:14:55.135 [TX] Hello seq=8 (hello #9)
[B(0xBB)] 09:14:59.497 [RX] DATA id=16 from 0x33 payload=330016 (total=17)
[B(0xBB)] 09:14:59.644 [TX] ACK id=16 → 0x33
[B(0xBB)] 09:15:04.498 [RX] DATA id=17 from 0x33 payload=330017 (total=18)
[B(0xBB)] 09:15:04.634 [TX] ACK id=17 → 0x33
[B(0xBB)] 09:15:05.128 [TX] Hello seq=9 (hello #10)
[B(0xBB)] 09:15:09.494 [RX] DATA id=18 from 0x33 payload=330018 (total=19)
[B(0xBB)] 09:15:09.642 [TX] ACK id=18 → 0x33
[B(0xBB)] 09:15:14.490 [RX] DATA id=19 from 0x33 payload=330019 (total=20)
[B(0xBB)] 09:15:14.635 [TX] ACK id=19 → 0x33
[B(0xBB)] 09:15:15.129 [TX] Hello seq=10 (hello #11)
[B(0xBB)] 09:15:19.498 [RX] DATA id=20 from 0x33 payload=330020 (total=21)
[B(0xBB)] 09:15:19.640 [TX] ACK id=20 → 0x33
[B(0xBB)] 09:15:24.497 [RX] DATA id=21 from 0x33 payload=330021 (total=22)
[B(0xBB)] 09:15:24.639 [TX] ACK id=21 → 0x33
[B(0xBB)] 09:15:25.131 [TX] Hello seq=11 (hello #12)
[B(0xBB)] 09:15:29.491 [RX] DATA id=22 from 0x33 payload=330022 (total=23)
[B(0xBB)] 09:15:29.637 [TX] ACK id=22 → 0x33
