[R3(0x33)] 09:13:34.270 ESP-ROM:esp32s3-20210327
[R3(0x33)] 09:13:34.272 Build:Mar 27 2021
[R3(0x33)] 09:13:34.274 rst:0x15 (USB_UART_CHIP_RESET),boot:0x3b (SPI_FAST_FLASH_BOOT)
[R3(0x33)] 09:13:34.275 Saved PC:0x4037ce2a
[R3(0x33)] 09:13:34.277 SPIWP:0xee
[R3(0x33)] 09:13:34.278 mode:DIO, clock div:1
[R3(0x33)] 09:13:34.279 load:0x3fce2820,len:0x10cc
[R3(0x33)] 09:13:34.279 load:0x403c8700,len:0xc2c
[R3(0x33)] 09:13:34.280 load:0x403cb700,len:0x30c0
[R3(0x33)] 09:13:34.281 entry 0x403c88b8
[R3(0x33)] 09:13:34.435 
[R3(0x33)] 09:13:34.435 === E9 Relay 0x33 (honest, SECURITY_MODE=1) ===
[R3(0x33)] 09:13:34.436 [INFO] Demonstrates: insider Black Hole bypasses HMAC patch.
[R3(0x33)] 09:13:34.436 [INFO] This relay will accept 0xCC's Hello (valid HMAC) and route into black hole.
[R3(0x33)] 09:13:34.521 [RADIO] SX1262 ready @ 923 MHz AS923
[R3(0x33)] 09:13:35.240 [ROUTE] NH=0xD1 metric=2
[R3(0x33)] 09:13:35.996 [RELAY] Re-broadcast Hello metric=2 (learned from 0xD1 metric=1)
[R3(0x33)] 09:13:37.371 [RELAY] Re-broadcast Hello metric=2 (learned from 0xD4 metric=1)
[R3(0x33)] 09:13:38.739 [RELAY] Re-broadcast Hello metric=2 (learned from 0xD7 metric=1)
[R3(0x33)] 09:13:39.206 [TX] DATA id=0 via=0xD1
[R3(0x33)] 09:13:39.370 [RX] ACK id=0 PDR=100.0%
[R3(0x33)] 09:13:41.194 [RELAY] Re-broadcast Hello metric=2 (learned from 0xD8 metric=1)
[R3(0x33)] 09:13:43.194 [RELAY] Re-broadcast Hello metric=2 (learned from 0xD9 metric=1)
[R3(0x33)] 09:13:44.210 [TX] DATA id=1 via=0xD1
[R3(0x33)] 09:13:44.360 [RX] ACK id=1 PDR=100.0%
[R3(0x33)] 09:13:45.133 [ROUTE] NH=0xBB metric=1
[R3(0x33)] 09:13:45.893 [RELAY] Re-broadcast Hello metric=1 (learned from 0xBB metric=0)
[R3(0x33)] 09:13:47.194 [RELAY] Re-broadcast Hello metric=2 (learned from 0xDB metric=1)
[R3(0x33)] 09:13:49.198 [RELAY] Re-broadcast Hello metric=2 (learned from 0xDC metric=1)
[R3(0x33)] 09:13:49.486 [TX] DATA id=2 via=0xBB
[R3(0x33)] 09:13:49.642 [RX] ACK id=2 PDR=100.0%
[R3(0x33)] 09:13:51.196 [RELAY] Re-broadcast Hello metric=2 (learned from 0xDD metric=1)
[R3(0x33)] 09:13:53.193 [RELAY] Re-broadcast Hello metric=2 (learned from 0xDE metric=1)
[R3(0x33)] 09:13:54.492 [TX] DATA id=3 via=0xBB
[R3(0x33)] 09:13:54.645 [RX] ACK id=3 PDR=100.0%
[R3(0x33)] 09:13:55.895 [RELAY] Re-broadcast Hello metric=1 (learned from 0xBB metric=0)
[R3(0x33)] 09:13:57.194 [RELAY] Re-broadcast Hello metric=2 (learned from 0xE0 metric=1)
[R3(0x33)] 09:13:59.196 [RELAY] Re-broadcast Hello metric=2 (learned from 0xE1 metric=1)
[R3(0x33)] 09:13:59.491 [TX] DATA id=4 via=0xBB
[R3(0x33)] 09:13:59.636 [RX] ACK id=4 PDR=100.0%
[R3(0x33)] 09:14:01.203 [RELAY] Re-broadcast Hello metric=2 (learned from 0xE2 metric=1)
[R3(0x33)] 09:14:03.202 [RELAY] Re-broadcast Hello metric=2 (learned from 0xE3 metric=1)
[R3(0x33)] 09:14:04.487 [TX] DATA id=5 via=0xBB
[R3(0x33)] 09:14:04.647 [RX] ACK id=5 PDR=100.0%
[R3(0x33)] 09:14:05.889 [RELAY] Re-broadcast Hello metric=1 (learned from 0xBB metric=0)
[R3(0x33)] 09:14:07.202 [RELAY] Re-broadcast Hello metric=2 (learned from 0xE5 metric=1)
[R3(0x33)] 09:14:09.196 [RELAY] Re-broadcast Hello metric=2 (learned from 0xE6 metric=1)
[R3(0x33)] 09:14:09.486 [TX] DATA id=6 via=0xBB
[R3(0x33)] 09:14:09.647 [RX] ACK id=6 PDR=100.0%
[R3(0x33)] 09:14:11.199 [RELAY] Re-broadcast Hello metric=2 (learned from 0xE7 metric=1)
[R3(0x33)] 09:14:13.205 [RELAY] Re-broadcast Hello metric=2 (learned from 0xE8 metric=1)
[R3(0x33)] 09:14:14.493 [TX] DATA id=7 via=0xBB
[R3(0x33)] 09:14:14.646 [RX] ACK id=7 PDR=100.0%
[R3(0x33)] 09:14:15.898 [RELAY] Re-broadcast Hello metric=1 (learned from 0xBB metric=0)
[R3(0x33)] 09:14:16.440 [ROUTE] NH=0xEA metric=2
[R3(0x33)] 09:14:17.198 [RELAY] Re-broadcast Hello metric=2 (learned from 0xEA metric=1)
[R3(0x33)] 09:14:19.202 [RELAY] Re-broadcast Hello metric=2 (learned from 0xEB metric=1)
[R3(0x33)] 09:14:19.489 [TX] DATA id=8 via=0xEA
[R3(0x33)] 09:14:19.645 [RX] ACK id=8 PDR=100.0%
[R3(0x33)] 09:14:21.194 [RELAY] Re-broadcast Hello metric=2 (learned from 0xEC metric=1)
[R3(0x33)] 09:14:23.197 [RELAY] Re-broadcast Hello metric=2 (learned from 0xED metric=1)
[R3(0x33)] 09:14:24.482 [TX] DATA id=9 via=0xEA
[R3(0x33)] 09:14:24.640 [RX] ACK id=9 PDR=100.0%
[R3(0x33)] 09:14:25.138 [ROUTE] NH=0xBB metric=1
[R3(0x33)] 09:14:25.897 [RELAY] Re-broadcast Hello metric=1 (learned from 0xBB metric=0)
[R3(0x33)] 09:14:27.203 [RELAY] Re-broadcast Hello metric=2 (learned from 0xEF metric=1)
[R3(0x33)] 09:14:29.204 [RELAY] Re-broadcast Hello metric=2 (learned from 0xF0 metric=1)
[R3(0x33)] 09:14:29.487 [TX] DATA id=10 via=0xBB
[R3(0x33)] 09:14:29.646 [RX] ACK id=10 PDR=100.0%
[R3(0x33)] 09:14:31.201 [RELAY] Re-broadcast Hello metric=2 (learned from 0xF1 metric=1)
[R3(0x33)] 09:14:33.202 [RELAY] Re-broadcast Hello metric=2 (learned from 0xF2 metric=1)
[R3(0x33)] 09:14:34.486 [TX] DATA id=11 via=0xBB
[R3(0x33)] 09:14:34.647 [RX] ACK id=11 PDR=100.0%
[R3(0x33)] 09:14:35.890 [RELAY] Re-broadcast Hello metric=1 (learned from 0xBB metric=0)
[R3(0x33)] 09:14:37.195 [RELAY] Re-broadcast Hello metric=2 (learned from 0xF4 metric=1)
[R3(0x33)] 09:14:39.194 [RELAY] Re-broadcast Hello metric=2 (learned from 0xF5 metric=1)
[R3(0x33)] 09:14:39.483 [TX] DATA id=12 via=0xBB
[R3(0x33)] 09:14:39.638 [RX] ACK id=12 PDR=100.0%
[R3(0x33)] 09:14:41.202 [RELAY] Re-broadcast Hello metric=2 (learned from 0xF6 metric=1)
[R3(0x33)] 09:14:43.194 [RELAY] Re-broadcast Hello metric=2 (learned from 0xF7 metric=1)
[R3(0x33)] 09:14:44.486 [TX] DATA id=13 via=0xBB
[R3(0x33)] 09:14:44.640 [RX] ACK id=13 PDR=100.0%
[R3(0x33)] 09:14:45.896 [RELAY] Re-broadcast Hello metric=1 (learned from 0xBB metric=0)
[R3(0x33)] 09:14:47.198 [RELAY] Re-broadcast Hello metric=2 (learned from 0xF9 metric=1)
[R3(0x33)] 09:14:49.201 [RELAY] Re-broadcast Hello metric=2 (learned from 0xFA metric=1)
[R3(0x33)] 09:14:49.491 [TX] DATA id=14 via=0xBB
[R3(0x33)] 09:14:49.644 [RX] ACK id=14 PDR=100.0%
[R3(0x33)] 09:14:51.197 [RELAY] Re-broadcast Hello metric=2 (learned from 0xFB metric=1)
[R3(0x33)] 09:14:53.196 [RELAY] Re-broadcast Hello metric=2 (learned from 0xFC metric=1)
[R3(0x33)] 09:14:54.486 [TX] DATA id=15 via=0xBB
[R3(0x33)] 09:14:54.640 [RX] ACK id=15 PDR=100.0%
[R3(0x33)] 09:14:55.895 [RELAY] Re-broadcast Hello metric=1 (learned from 0xBB metric=0)
[R3(0x33)] 09:14:56.442 [ROUTE] NH=0xFE metric=2
[R3(0x33)] 09:14:57.205 [RELAY] Re-broadcast Hello metric=2 (learned from 0xFE metric=1)
[R3(0x33)] 09:14:59.203 [RELAY] Re-broadcast Hello metric=2 (learned from 0xFF metric=1)
[R3(0x33)] 09:14:59.488 [TX] DATA id=16 via=0xFE
[R3(0x33)] 09:14:59.644 [RX] ACK id=16 PDR=100.0%
[R3(0x33)] 09:15:01.201 [RELAY] Re-broadcast Hello metric=2 (learned from 0xD0 metric=1)
[R3(0x33)] 09:15:03.195 [RELAY] Re-broadcast Hello metric=2 (learned from 0xD1 metric=1)
[R3(0x33)] 09:15:04.494 [TX] DATA id=17 via=0xFE
[R3(0x33)] 09:15:04.645 [RX] ACK id=17 PDR=100.0%
[R3(0x33)] 09:15:05.139 [ROUTE] NH=0xBB metric=1
[R3(0x33)] 09:15:05.892 [RELAY] Re-broadcast Hello metric=1 (learned from 0xBB metric=0)
[R3(0x33)] 09:15:07.196 [RELAY] Re-broadcast Hello metric=2 (learned from 0xD3 metric=1)
[R3(0x33)] 09:15:09.194 [RELAY] Re-broadcast Hello metric=2 (learned from 0xD4 metric=1)
[R3(0x33)] 09:15:09.494 [TX] DATA id=18 via=0xBB
[R3(0x33)] 09:15:09.641 [RX] ACK id=18 PDR=100.0%
[R3(0x33)] 09:15:11.198 [RELAY] Re-broadcast Hello metric=2 (learned from 0xD5 metric=1)
[R3(0x33)] 09:15:13.199 [RELAY] Re-broadcast Hello metric=2 (learned from 0xD6 metric=1)
[R3(0x33)] 09:15:14.492 [TX] DATA id=19 via=0xBB
[R3(0x33)] 09:15:14.648 [RX] ACK id=19 PDR=100.0%
[R3(0x33)] 09:15:15.895 [RELAY] Re-broadcast Hello metric=1 (learned from 0xBB metric=0)
[R3(0x33)] 09:15:17.198 [RELAY] Re-broadcast Hello metric=2 (learned from 0xD8 metric=1)
[R3(0x33)] 09:15:19.198 [RELAY] Re-broadcast Hello metric=2 (learned from 0xD9 metric=1)
[R3(0x33)] 09:15:19.495 [TX] DATA id=20 via=0xBB
[R3(0x33)] 09:15:19.648 [RX] ACK id=20 PDR=100.0%
[R3(0x33)] 09:15:21.199 [RELAY] Re-broadcast Hello metric=2 (learned from 0xDA metric=1)
[R3(0x33)] 09:15:23.205 [RELAY] Re-broadcast Hello metric=2 (learned from 0xDB metric=1)
[R3(0x33)] 09:15:24.488 [TX] DATA id=21 via=0xBB
[R3(0x33)] 09:15:24.646 [RX] ACK id=21 PDR=100.0%
[R3(0x33)] 09:15:25.897 [RELAY] Re-broadcast Hello metric=1 (learned from 0xBB metric=0)
[R3(0x33)] 09:15:27.202 [RELAY] Re-broadcast Hello metric=2 (learned from 0xDD metric=1)
[R3(0x33)] 09:15:29.201 [RELAY] Re-broadcast Hello metric=2 (learned from 0xDE metric=1)
[R3(0x33)] 09:15:29.491 [TX] DATA id=22 via=0xBB
[R3(0x33)] 09:15:29.643 [RX] ACK id=22 PDR=100.0%
[R3(0x33)] 09:15:31.197 [RELAY] Re-broadcast Hello metric=2 (learned from 0xDF metric=1)
[R3(0x33)] 09:15:33.202 [RELAY] Re-broadcast Hello metric=2 (learned from 0xE0 metric=1)
