[R1(0x11)] 08:49:09.652 ESP-ROM:esp32s3-20210327
[R1(0x11)] 08:49:09.653 Build:Mar 27 2021
[R1(0x11)] 08:49:09.654 rst:0x15 (USB_UART_CHIP_RESET),boot:0x39 (SPI_FAST_FLASH_BOOT)
[R1(0x11)] 08:49:09.655 Saved PC:0x40041a79
[R1(0x11)] 08:49:09.656 SPIWP:0xee
[R1(0x11)] 08:49:09.657 mode:DIO, clock div:1
[R1(0x11)] 08:49:09.658 load:0x3fce2820,len:0x10cc
[R1(0x11)] 08:49:09.659 load:0x403c8700,len:0xc2c
[R1(0x11)] 08:49:09.661 load:0x403cb700,len:0x30c0
[R1(0x11)] 08:49:09.661 entry 0x403c88b8
[R1(0x11)] 08:49:09.814 
[R1(0x11)] 08:49:09.815 === E7 Relay 0x11 (honest, SECURITY_MODE=1) ===
[R1(0x11)] 08:49:09.816 [INFO] Demonstrates: insider Black Hole bypasses HMAC patch.
[R1(0x11)] 08:49:09.817 [INFO] This relay will accept 0xCC's Hello (valid HMAC) and route into black hole.
[R1(0x11)] 08:49:09.901 [RADIO] SX1262 ready @ 923 MHz AS923
[R1(0x11)] 08:49:10.266 [ROUTE] NH=0xBB metric=1
[R1(0x11)] 08:49:11.019 [RELAY] Re-broadcast Hello metric=1 (learned from 0xBB metric=0)
[R1(0x11)] 08:49:12.544 [RELAY] Re-broadcast Hello metric=3 (learned from 0x22 metric=2)
[R1(0x11)] 08:49:14.064 [RELAY] Re-broadcast Hello metric=5 (learned from 0x22 metric=4)
[R1(0x11)] 08:49:14.593 [TX] DATA id=0 via=0xBB
[R1(0x11)] 08:49:19.378 [RELAY] Re-broadcast Hello metric=1 (learned from 0xCC metric=0)
[R1(0x11)] 08:49:19.666 [TX] DATA id=1 via=0xBB
[R1(0x11)] 08:49:21.291 [RELAY] Re-broadcast Hello metric=1 (learned from 0xBB metric=0)
[R1(0x11)] 08:49:24.670 [TX] DATA id=2 via=0xBB
[R1(0x11)] 08:49:27.377 [RELAY] Re-broadcast Hello metric=1 (learned from 0xCC metric=0)
[R1(0x11)] 08:49:29.666 [TX] DATA id=3 via=0xBB
[R1(0x11)] 08:49:31.284 [RELAY] Re-broadcast Hello metric=1 (learned from 0xBB metric=0)
[R1(0x11)] 08:49:34.671 [TX] DATA id=4 via=0xBB
[R1(0x11)] 08:49:39.675 [TX] DATA id=5 via=0xBB
[R1(0x11)] 08:49:40.536 [ROUTE] NH=0xBB metric=1
[R1(0x11)] 08:49:41.288 [RELAY] Re-broadcast Hello metric=1 (learned from 0xBB metric=0)
[R1(0x11)] 08:49:43.381 [RELAY] Re-broadcast Hello metric=1 (learned from 0xCC metric=0)
[R1(0x11)] 08:49:44.671 [TX] DATA id=6 via=0xBB
[R1(0x11)] 08:49:49.675 [TX] DATA id=7 via=0xBB
[R1(0x11)] 08:49:51.292 [RELAY] Re-broadcast Hello metric=1 (learned from 0xBB metric=0)
[R1(0x11)] 08:49:52.815 [RELAY] Re-broadcast Hello metric=3 (learned from 0x22 metric=2)
[R1(0x11)] 08:49:54.336 [RELAY] Re-broadcast Hello metric=5 (learned from 0x22 metric=4)
[R1(0x11)] 08:49:54.674 [TX] DATA id=8 via=0xBB
[R1(0x11)] 08:49:59.388 [RELAY] Re-broadcast Hello metric=1 (learned from 0xCC metric=0)
[R1(0x11)] 08:49:59.674 [TX] DATA id=9 via=0xBB
[R1(0x11)] 08:50:01.289 [RELAY] Re-broadcast Hello metric=1 (learned from 0xBB metric=0)
[R1(0x11)] 08:50:04.675 [TX] DATA id=10 via=0xBB
[R1(0x11)] 08:50:07.379 [RELAY] Re-broadcast Hello metric=1 (learned from 0xCC metric=0)
[R1(0x11)] 08:50:09.669 [TX] DATA id=11 via=0xBB
[R1(0x11)] 08:50:11.288 [RELAY] Re-broadcast Hello metric=1 (learned from 0xBB metric=0)
[R1(0x11)] 08:50:14.674 [TX] DATA id=12 via=0xBB
[R1(0x11)] 08:50:19.677 [TX] DATA id=13 via=0xBB
[R1(0x11)] 08:50:20.527 [ROUTE] NH=0xBB metric=1
[R1(0x11)] 08:50:21.293 [RELAY] Re-broadcast Hello metric=1 (learned from 0xBB metric=0)
[R1(0x11)] 08:50:23.382 [RELAY] Re-broadcast Hello metric=1 (learned from 0xCC metric=0)
[R1(0x11)] 08:50:24.668 [TX] DATA id=14 via=0xBB
[R1(0x11)] 08:50:29.675 [TX] DATA id=15 via=0xBB
[R1(0x11)] 08:50:31.294 [RELAY] Re-broadcast Hello metric=1 (learned from 0xBB metric=0)
[R1(0x11)] 08:50:32.817 [RELAY] Re-broadcast Hello metric=3 (learned from 0x22 metric=2)
[R1(0x11)] 08:50:34.334 [RELAY] Re-broadcast Hello metric=5 (learned from 0x22 metric=4)
[R1(0x11)] 08:50:34.670 [TX] DATA id=16 via=0xBB
[R1(0x11)] 08:50:39.388 [RELAY] Re-broadcast Hello metric=1 (learned from 0xCC metric=0)
[R1(0x11)] 08:50:39.668 [TX] DATA id=17 via=0xBB
[R1(0x11)] 08:50:41.291 [RELAY] Re-broadcast Hello metric=1 (learned from 0xBB metric=0)
[R1(0x11)] 08:50:44.672 [TX] DATA id=18 via=0xBB
[R1(0x11)] 08:50:47.378 [RELAY] Re-broadcast Hello metric=1 (learned from 0xCC metric=0)
[R1(0x11)] 08:50:49.676 [TX] DATA id=19 via=0xBB
[R1(0x11)] 08:50:51.294 [RELAY] Re-broadcast Hello metric=1 (learned from 0xBB metric=0)
[R1(0x11)] 08:50:54.671 [TX] DATA id=20 via=0xBB
[R1(0x11)] 08:50:59.673 [TX] DATA id=21 via=0xBB
[R1(0x11)] 08:51:00.530 [ROUTE] NH=0xBB metric=1
[R1(0x11)] 08:51:01.291 [RELAY] Re-broadcast Hello metric=1 (learned from 0xBB metric=0)
[R1(0x11)] 08:51:03.388 [RELAY] Re-broadcast Hello metric=1 (learned from 0xCC metric=0)
[R1(0x11)] 08:51:04.676 [TX] DATA id=22 via=0xBB
