[A(0xAA)] 08:49:09.651 ESP-ROM:esp32s3-20210327
[A(0xAA)] 08:49:09.652 Build:Mar 27 2021
[A(0xAA)] 08:49:09.652 rst:0x15 (USB_UART_CHIP_RESET),boot:0x19 (SPI_FAST_FLASH_BOOT)
[A(0xAA)] 08:49:09.653 Saved PC:0x4037ce2a
[A(0xAA)] 08:49:09.654 SPIWP:0xee
[A(0xAA)] 08:49:09.655 mode:DIO, clock div:1
[A(0xAA)] 08:49:09.656 load:0x3fce2820,len:0x10cc
[A(0xAA)] 08:49:09.657 load:0x403c8700,len:0xc2c
[A(0xAA)] 08:49:09.658 load:0x403cb700,len:0x30c0
[A(0xAA)] 08:49:09.659 entry 0x403c88b8
[A(0xAA)] 08:49:09.814 
[A(0xAA)] 08:49:09.815 === E7 Node A (SENDER — honest, SECURITY_MODE=1) ===
[A(0xAA)] 08:49:09.817 [INFO] Demonstrates: insider Black Hole bypasses HMAC patch.
[A(0xAA)] 08:49:09.817 [INFO] Watch for NH=0xCC after attacker broadcasts signed Hello.
[A(0xAA)] 08:49:09.818 [INFO] PDR should drop to 0% when routing to 0xCC.
[A(0xAA)] 08:49:09.904 [RADIO] SX1262 ready @ 923 MHz AS923
[A(0xAA)] 08:49:11.022 [ROUTE] Best NH=0x11 metric=2
[A(0xAA)] 08:49:14.598 [TX] DATA id=0 via=0x11 PDR=0.0%
[A(0xAA)] 08:49:18.629 [ROUTE] NH=0xCC metric=1 — ATTACKER INSERTED (HMAC passed!)
[A(0xAA)] 08:49:18.630 [ROUTE] Black Hole attack SUCCESS: route table poisoned
[A(0xAA)] 08:49:19.599 [TX] DATA id=1 via=0xCC (BLACK HOLE!) PDR=0.0%
[A(0xAA)] 08:49:19.599 [WARN] Routing to attacker 0xCC — expect no ACK
[A(0xAA)] 08:49:24.600 [TX] DATA id=2 via=0xCC (BLACK HOLE!) PDR=0.0%
[A(0xAA)] 08:49:24.601 [WARN] Routing to attacker 0xCC — expect no ACK
[A(0xAA)] 08:49:29.602 [TX] DATA id=3 via=0xCC (BLACK HOLE!) PDR=0.0%
[A(0xAA)] 08:49:29.602 [WARN] Routing to attacker 0xCC — expect no ACK
[A(0xAA)] 08:49:34.600 [TX] DATA id=4 via=0xCC (BLACK HOLE!) PDR=0.0%
[A(0xAA)] 08:49:34.600 [WARN] Routing to attacker 0xCC — expect no ACK
[A(0xAA)] 08:49:39.596 [TX] DATA id=5 via=0xCC (BLACK HOLE!) PDR=0.0%
[A(0xAA)] 08:49:39.597 [WARN] Routing to attacker 0xCC — expect no ACK
[A(0xAA)] 08:49:44.602 [TX] DATA id=6 via=0xCC (BLACK HOLE!) PDR=0.0%
[A(0xAA)] 08:49:44.602 [WARN] Routing to attacker 0xCC — expect no ACK
[A(0xAA)] 08:49:49.596 [TX] DATA id=7 via=0xCC (BLACK HOLE!) PDR=0.0%
[A(0xAA)] 08:49:49.596 [WARN] Routing to attacker 0xCC — expect no ACK
[A(0xAA)] 08:49:51.296 [ROUTE] Best NH=0x11 metric=2
[A(0xAA)] 08:49:54.595 [TX] DATA id=8 via=0x11 PDR=0.0%
[A(0xAA)] 08:49:58.631 [ROUTE] NH=0xCC metric=1 — ATTACKER INSERTED (HMAC passed!)
[A(0xAA)] 08:49:58.631 [ROUTE] Black Hole attack SUCCESS: route table poisoned
[A(0xAA)] 08:49:59.591 [TX] DATA id=9 via=0xCC (BLACK HOLE!) PDR=0.0%
[A(0xAA)] 08:49:59.592 [WARN] Routing to attacker 0xCC — expect no ACK
[A(0xAA)] 08:50:04.598 [TX] DATA id=10 via=0xCC (BLACK HOLE!) PDR=0.0%
[A(0xAA)] 08:50:04.599 [WARN] Routing to attacker 0xCC — expect no ACK
[A(0xAA)] 08:50:09.600 [TX] DATA id=11 via=0xCC (BLACK HOLE!) PDR=0.0%
[A(0xAA)] 08:50:09.600 [WARN] Routing to attacker 0xCC — expect no ACK
[A(0xAA)] 08:50:14.603 [TX] DATA id=12 via=0xCC (BLACK HOLE!) PDR=0.0%
[A(0xAA)] 08:50:14.604 [WARN] Routing to attacker 0xCC — expect no ACK
[A(0xAA)] 08:50:19.594 [TX] DATA id=13 via=0xCC (BLACK HOLE!) PDR=0.0%
[A(0xAA)] 08:50:19.594 [WARN] Routing to attacker 0xCC — expect no ACK
[A(0xAA)] 08:50:24.592 [TX] DATA id=14 via=0xCC (BLACK HOLE!) PDR=0.0%
[A(0xAA)] 08:50:24.593 [WARN] Routing to attacker 0xCC — expect no ACK
[A(0xAA)] 08:50:29.599 [TX] DATA id=15 via=0xCC (BLACK HOLE!) PDR=0.0%
[A(0xAA)] 08:50:29.599 [WARN] Routing to attacker 0xCC — expect no ACK
[A(0xAA)] 08:50:31.300 [ROUTE] Best NH=0x11 metric=2
[A(0xAA)] 08:50:34.595 [TX] DATA id=16 via=0x11 PDR=0.0%
[A(0xAA)] 08:50:38.620 [ROUTE] NH=0xCC metric=1 — ATTACKER INSERTED (HMAC passed!)
[A(0xAA)] 08:50:38.621 [ROUTE] Black Hole attack SUCCESS: route table poisoned
[A(0xAA)] 08:50:39.596 [TX] DATA id=17 via=0xCC (BLACK HOLE!) PDR=0.0%
[A(0xAA)] 08:50:39.597 [WARN] Routing to attacker 0xCC — expect no ACK
[A(0xAA)] 08:50:44.592 [TX] DATA id=18 via=0xCC (BLACK HOLE!) PDR=0.0%
[A(0xAA)] 08:50:44.593 [WARN] Routing to attacker 0xCC — expect no ACK
[A(0xAA)] 08:50:49.598 [TX] DATA id=19 via=0xCC (BLACK HOLE!) PDR=0.0%
[A(0xAA)] 08:50:49.599 [WARN] Routing to attacker 0xCC — expect no ACK
[A(0xAA)] 08:50:54.595 [TX] DATA id=20 via=0xCC (BLACK HOLE!) PDR=0.0%
[A(0xAA)] 08:50:54.595 [WARN] Routing to attacker 0xCC — expect no ACK
[A(0xAA)] 08:50:59.595 [TX] DATA id=21 via=0xCC (BLACK HOLE!) PDR=0.0%
[A(0xAA)] 08:50:59.596 [WARN] Routing to attacker 0xCC — expect no ACK
[A(0xAA)] 08:51:04.592 [TX] DATA id=22 via=0xCC (BLACK HOLE!) PDR=0.0%
[A(0xAA)] 08:51:04.593 [WARN] Routing to attacker 0xCC — expect no ACK
