[A(0xAA)] 08:44:45.388 ESP-ROM:esp32s3-20210327
[A(0xAA)] 08:44:45.391 Build:Mar 27 2021
[A(0xAA)] 08:44:45.393 rst:0x15 (USB_UART_CHIP_RESET),boot:0x19 (SPI_FAST_FLASH_BOOT)
[A(0xAA)] 08:44:45.393 Saved PC:0x4037ce2a
[A(0xAA)] 08:44:45.393 SPIWP:0xee
[A(0xAA)] 08:44:45.393 mode:DIO, clock div:1
[A(0xAA)] 08:44:45.394 load:0x3fce2820,len:0x10cc
[A(0xAA)] 08:44:45.394 load:0x403c8700,len:0xc2c
[A(0xAA)] 08:44:45.394 load:0x403cb700,len:0x30c0
[A(0xAA)] 08:44:45.496 entry 0x403c88b8
[A(0xAA)] 08:44:45.807 
[A(0xAA)] 08:44:45.807 === E7 Node A (SENDER — honest, SECURITY_MODE=1) ===
[A(0xAA)] 08:44:45.807 [INFO] Demonstrates: insider Black Hole bypasses HMAC patch.
[A(0xAA)] 08:44:45.808 [INFO] Watch for NH=0xCC after attacker broadcasts signed Hello.
[A(0xAA)] 08:44:45.808 [INFO] PDR should drop to 0% when routing to 0xCC.
[A(0xAA)] 08:44:45.911 [RADIO] SX1262 ready @ 923 MHz AS923
[A(0xAA)] 08:44:47.042 [ROUTE] Best NH=0x11 metric=2
[A(0xAA)] 08:44:48.691 ESP-ROM:esp32s3-20210327
[A(0xAA)] 08:44:48.691 Build:Mar 27 2021
[A(0xAA)] 08:44:48.691 rst:0x15 (USB_UART_CHIP_RESET),boot:0x11 (DOWNLOAD(USB/UART0))
[A(0xAA)] 08:44:48.691 Saved PC:0x4037ce2a
[A(0xAA)] 08:44:48.691 waiting for download
[A(0xAA)] 08:44:54.453 ESP-ROM:esp32s3-20210327
[A(0xAA)] 08:44:54.454 Build:Mar 27 2021
[A(0xAA)] 08:44:54.454 rst:0x15 (USB_UART_CHIP_RESET),boot:0x11 (DOWNLOAD(USB/UART0))
[A(0xAA)] 08:44:54.454 Saved PC:0x40041a76
[A(0xAA)] 08:44:54.454 waiting for download
