[B(0xBB)] 09:30:36.263 ESP-ROM:esp32s3-20210327
[B(0xBB)] 09:30:36.265 Build:Mar 27 2021
[B(0xBB)] 09:30:36.267 rst:0x15 (USB_UART_CHIP_RESET),boot:0x19 (SPI_FAST_FLASH_BOOT)
[B(0xBB)] 09:30:36.268 Saved PC:0x4037ce2a
[B(0xBB)] 09:30:36.269 SPIWP:0xee
[B(0xBB)] 09:30:36.270 mode:DIO, clock div:1
[B(0xBB)] 09:30:36.271 load:0x3fce2820,len:0x10cc
[B(0xBB)] 09:30:36.272 load:0x403c8700,len:0xc2c
[B(0xBB)] 09:30:36.273 load:0x403cb700,len:0x30c0
[B(0xBB)] 09:30:36.274 entry 0x403c88b8
[B(0xBB)] 09:30:36.426 
[B(0xBB)] 09:30:36.426 === E11 Node B (GATEWAY — honest, SECURITY_MODE=1) ===
[B(0xBB)] 09:30:36.427 [INFO] Gateway broadcasts Hello. Insider attacker (0xCC) races with own Hello.
[B(0xBB)] 09:30:36.427 [INFO] All honest nodes route to 0xCC (Black Hole). PDR drops to 0%.
[B(0xBB)] 09:30:36.428 [INFO] This gateway cannot detect the Black Hole — it just observes silence.
[B(0xBB)] 09:30:36.511 [RADIO] SX1262 ready @ 923 MHz AS923
[B(0xBB)] 09:30:36.872 [TX] Hello seq=0 (hello #1)
[B(0xBB)] 09:30:41.207 [RX] DATA id=0 from 0x33 payload=330000 (total=1)
[B(0xBB)] 09:30:41.352 [TX] ACK id=0 → 0x33
[B(0xBB)] 09:30:46.216 [RX] DATA id=1 from 0x33 payload=330001 (total=2)
[B(0xBB)] 09:30:46.356 [TX] ACK id=1 → 0x33
[B(0xBB)] 09:30:47.134 [TX] Hello seq=1 (hello #2)
[B(0xBB)] 09:30:51.215 [RX] DATA id=2 from 0x33 payload=330002 (total=3)
[B(0xBB)] 09:30:51.360 [TX] ACK id=2 → 0x33
[B(0xBB)] 09:30:56.214 [RX] DATA id=3 from 0x33 payload=330003 (total=4)
[B(0xBB)] 09:30:56.355 [TX] ACK id=3 → 0x33
[B(0xBB)] 09:30:57.133 [TX] Hello seq=2 (hello #3)
[B(0xBB)] 09:31:01.207 [RX] DATA id=4 from 0x33 payload=330004 (total=5)
[B(0xBB)] 09:31:01.361 [TX] ACK id=4 → 0x33
[B(0xBB)] 09:31:07.136 [TX] Hello seq=3 (hello #4)
[B(0xBB)] 09:31:11.212 [RX] DATA id=6 from 0x33 payload=330006 (total=6)
[B(0xBB)] 09:31:11.360 [TX] ACK id=6 → 0x33
[B(0xBB)] 09:31:16.210 [RX] DATA id=7 from 0x33 payload=330007 (total=7)
[B(0xBB)] 09:31:16.362 [TX] ACK id=7 → 0x33
[B(0xBB)] 09:31:17.126 [TX] Hello seq=4 (hello #5)
[B(0xBB)] 09:31:21.218 [RX] DATA id=8 from 0x33 payload=330008 (total=8)
[B(0xBB)] 09:31:21.359 [TX] ACK id=8 → 0x33
[B(0xBB)] 09:31:26.217 [RX] DATA id=9 from 0x33 payload=330009 (total=9)
[B(0xBB)] 09:31:26.353 [TX] ACK id=9 → 0x33
[B(0xBB)] 09:31:27.127 [TX] Hello seq=5 (hello #6)
[B(0xBB)] 09:31:31.210 [RX] DATA id=10 from 0x33 payload=330010 (total=10)
[B(0xBB)] 09:31:31.364 [TX] ACK id=10 → 0x33
[B(0xBB)] 09:31:37.135 [TX] Hello seq=6 (hello #7)
[B(0xBB)] 09:31:41.217 [RX] DATA id=12 from 0x33 payload=330012 (total=11)
[B(0xBB)] 09:31:41.360 [TX] ACK id=12 → 0x33
[B(0xBB)] 09:31:46.213 [RX] DATA id=13 from 0x33 payload=330013 (total=12)
[B(0xBB)] 09:31:46.358 [TX] ACK id=13 → 0x33
[B(0xBB)] 09:31:47.131 [TX] Hello seq=7 (hello #8)
[B(0xBB)] 09:31:51.214 [RX] DATA id=14 from 0x33 payload=330014 (total=13)
[B(0xBB)] 09:31:51.353 [TX] ACK id=14 → 0x33
[B(0xBB)] 09:31:56.207 [RX] DATA id=15 from 0x33 payload=330015 (total=14)
[B(0xBB)] 09:31:56.360 [TX] ACK id=15 → 0x33
[B(0xBB)] 09:31:57.129 [TX] Hello seq=8 (hello #9)
[B(0xBB)] 09:32:01.209 [RX] DATA id=16 from 0x33 payload=330016 (total=15)
[B(0xBB)] 09:32:01.357 [TX] ACK id=16 → 0x33
[B(0xBB)] 09:32:06.216 [RX] DATA id=17 from 0x33 payload=330017 (total=16)
[B(0xBB)] 09:32:06.356 [TX] ACK id=17 → 0x33
[B(0xBB)] 09:32:07.129 [TX] Hello seq=9 (hello #10)
[B(0xBB)] 09:32:11.210 [RX] DATA id=18 from 0x33 payload=330018 (total=17)
[B(0xBB)] 09:32:11.355 [TX] ACK id=18 → 0x33
[B(0xBB)] 09:32:16.214 [RX] DATA id=19 from 0x33 payload=330019 (total=18)
[B(0xBB)] 09:32:16.355 [TX] ACK id=19 → 0x33
[B(0xBB)] 09:32:17.127 [TX] Hello seq=10 (hello #11)
[B(0xBB)] 09:32:21.208 [RX] DATA id=20 from 0x33 payload=330020 (total=19)
[B(0xBB)] 09:32:21.353 [TX] ACK id=20 → 0x33
[B(0xBB)] 09:32:26.218 [RX] DATA id=21 from 0x33 payload=330021 (total=20)
[B(0xBB)] 09:32:26.363 [TX] ACK id=21 → 0x33
[B(0xBB)] 09:32:27.133 [TX] Hello seq=11 (hello #12)
[B(0xBB)] 09:32:31.216 [RX] DATA id=22 from 0x33 payload=330022 (total=21)
[B(0xBB)] 09:32:31.358 [TX] ACK id=22 → 0x33
