[B(0xBB)] 08:55:27.637 ESP-ROM:esp32s3-20210327
[B(0xBB)] 08:55:27.638 Build:Mar 27 2021
[B(0xBB)] 08:55:27.639 rst:0x15 (USB_UART_CHIP_RESET),boot:0x19 (SPI_FAST_FLASH_BOOT)
[B(0xBB)] 08:55:27.639 Saved PC:0x4037ce2a
[B(0xBB)] 08:55:27.640 SPIWP:0xee
[B(0xBB)] 08:55:27.641 mode:DIO, clock div:1
[B(0xBB)] 08:55:27.641 load:0x3fce2820,len:0x10cc
[B(0xBB)] 08:55:27.642 load:0x403c8700,len:0xc2c
[B(0xBB)] 08:55:27.642 load:0x403cb700,len:0x30c0
[B(0xBB)] 08:55:27.643 entry 0x403c88b8
[B(0xBB)] 08:55:27.795 
[B(0xBB)] 08:55:27.796 === E8 Node B (GATEWAY — honest) ===
[B(0xBB)] 08:55:27.796 [INFO] If attacker C is active, gateway RX=0 while sender reports PDR=~100%.
[B(0xBB)] 08:55:27.796 [INFO] Proves AckMsg needs HMAC coverage.
[B(0xBB)] 08:55:27.881 [RADIO] SX1262 ready @ 923 MHz AS923
[B(0xBB)] 08:55:29.956 [TX] Hello seq=0
[B(0xBB)] 08:55:29.957 [RX] DATA id=75 from 0x11 payload=110075 (total=1)
[B(0xBB)] 08:55:30.097 [TX] ACK id=75 → 0x11
[B(0xBB)] 08:55:30.961 [RX] DATA id=75 from 0x33 payload=330075 (total=2)
[B(0xBB)] 08:55:31.106 [TX] ACK id=75 → 0x33
[B(0xBB)] 08:55:32.579 [RX] DATA id=0 from 0xAA payload=A00000 (total=3)
[B(0xBB)] 08:55:32.721 [TX] ACK id=0 → 0xAA
[B(0xBB)] 08:55:34.959 [RX] DATA id=76 from 0x11 payload=110076 (total=4)
[B(0xBB)] 08:55:35.102 [TX] ACK id=76 → 0x11
[B(0xBB)] 08:55:35.953 [RX] DATA id=76 from 0x33 payload=330076 (total=5)
[B(0xBB)] 08:55:36.095 [TX] ACK id=76 → 0x33
[B(0xBB)] 08:55:37.869 [RX] DATA id=1 from 0xAA payload=A00001 (total=6)
[B(0xBB)] 08:55:38.012 [TX] ACK id=1 → 0xAA
[B(0xBB)] 08:55:38.492 [TX] Hello seq=1
[B(0xBB)] 08:55:39.947 [RX] DATA id=77 from 0x11 payload=110077 (total=7)
[B(0xBB)] 08:55:40.095 [TX] ACK id=77 → 0x11
[B(0xBB)] 08:55:40.948 [RX] DATA id=77 from 0x33 payload=330077 (total=8)
[B(0xBB)] 08:55:41.098 [TX] ACK id=77 → 0x33
[B(0xBB)] 08:55:42.578 [RX] DATA id=2 from 0xAA payload=A00002 (total=9)
[B(0xBB)] 08:55:42.723 [TX] ACK id=2 → 0xAA
[B(0xBB)] 08:55:44.955 [RX] DATA id=78 from 0x11 payload=110078 (total=10)
[B(0xBB)] 08:55:45.099 [TX] ACK id=78 → 0x11
[B(0xBB)] 08:55:45.952 [RX] DATA id=78 from 0x33 payload=330078 (total=11)
[B(0xBB)] 08:55:46.099 [TX] ACK id=78 → 0x33
[B(0xBB)] 08:55:48.485 [TX] Hello seq=2
[B(0xBB)] 08:55:49.950 [RX] DATA id=79 from 0x11 payload=110079 (total=12)
[B(0xBB)] 08:55:50.094 [TX] ACK id=79 → 0x11
[B(0xBB)] 08:55:50.947 [RX] DATA id=79 from 0x33 payload=330079 (total=13)
[B(0xBB)] 08:55:51.093 [TX] ACK id=79 → 0x33
[B(0xBB)] 08:55:52.577 [RX] DATA id=4 from 0xAA payload=A00004 (total=14)
[B(0xBB)] 08:55:52.719 [TX] ACK id=4 → 0xAA
[B(0xBB)] 08:55:54.948 [RX] DATA id=80 from 0x11 payload=110080 (total=15)
[B(0xBB)] 08:55:55.090 [TX] ACK id=80 → 0x11
[B(0xBB)] 08:55:56.650 [RX] DATA id=80 from 0x33 payload=330080 (total=16)
[B(0xBB)] 08:55:56.797 [TX] ACK id=80 → 0x33
[B(0xBB)] 08:55:57.574 [RX] DATA id=5 from 0xAA payload=A00005 (total=17)
[B(0xBB)] 08:55:57.716 [TX] ACK id=5 → 0xAA
[B(0xBB)] 08:55:58.488 [TX] Hello seq=3
[B(0xBB)] 08:55:59.952 [RX] DATA id=81 from 0x11 payload=110081 (total=18)
[B(0xBB)] 08:56:00.093 [TX] ACK id=81 → 0x11
[B(0xBB)] 08:56:01.648 [RX] DATA id=81 from 0x33 payload=330081 (total=19)
[B(0xBB)] 08:56:01.794 [TX] ACK id=81 → 0x33
[B(0xBB)] 08:56:02.568 [RX] DATA id=6 from 0xAA payload=A00006 (total=20)
[B(0xBB)] 08:56:02.721 [TX] ACK id=6 → 0xAA
[B(0xBB)] 08:56:05.646 [RX] DATA id=82 from 0x11 payload=110082 (total=21)
[B(0xBB)] 08:56:05.787 [TX] ACK id=82 → 0x11
[B(0xBB)] 08:56:06.642 [RX] DATA id=82 from 0x33 payload=330082 (total=22)
[B(0xBB)] 08:56:06.788 [TX] ACK id=82 → 0x33
[B(0xBB)] 08:56:07.571 [RX] DATA id=7 from 0xAA payload=A00007 (total=23)
[B(0xBB)] 08:56:07.716 [TX] ACK id=7 → 0xAA
[B(0xBB)] 08:56:08.493 [TX] Hello seq=4
[B(0xBB)] 08:56:10.646 [RX] DATA id=83 from 0x11 payload=110083 (total=24)
[B(0xBB)] 08:56:10.791 [TX] ACK id=83 → 0x11
[B(0xBB)] 08:56:11.640 [RX] DATA id=83 from 0x33 payload=330083 (total=25)
[B(0xBB)] 08:56:11.793 [TX] ACK id=83 → 0x33
[B(0xBB)] 08:56:12.570 [RX] DATA id=8 from 0xAA payload=A00008 (total=26)
[B(0xBB)] 08:56:12.715 [TX] ACK id=8 → 0xAA
[B(0xBB)] 08:56:15.645 [RX] DATA id=84 from 0x11 payload=110084 (total=27)
[B(0xBB)] 08:56:15.794 [TX] ACK id=84 → 0x11
[B(0xBB)] 08:56:16.646 [RX] DATA id=84 from 0x33 payload=330084 (total=28)
[B(0xBB)] 08:56:16.790 [TX] ACK id=84 → 0x33
[B(0xBB)] 08:56:17.571 [RX] DATA id=9 from 0xAA payload=A00009 (total=29)
[B(0xBB)] 08:56:17.715 [TX] ACK id=9 → 0xAA
[B(0xBB)] 08:56:18.483 [TX] Hello seq=5
[B(0xBB)] 08:56:20.648 [RX] DATA id=85 from 0x11 payload=110085 (total=30)
[B(0xBB)] 08:56:20.787 [TX] ACK id=85 → 0x11
[B(0xBB)] 08:56:21.638 [RX] DATA id=85 from 0x33 payload=330085 (total=31)
[B(0xBB)] 08:56:21.787 [TX] ACK id=85 → 0x33
[B(0xBB)] 08:56:25.643 [RX] DATA id=86 from 0x11 payload=110086 (total=32)
[B(0xBB)] 08:56:25.783 [TX] ACK id=86 → 0x11
[B(0xBB)] 08:56:26.643 [RX] DATA id=86 from 0x33 payload=330086 (total=33)
[B(0xBB)] 08:56:26.786 [TX] ACK id=86 → 0x33
[B(0xBB)] 08:56:27.575 [RX] DATA id=11 from 0xAA payload=A00011 (total=34)
[B(0xBB)] 08:56:27.711 [TX] ACK id=11 → 0xAA
[B(0xBB)] 08:56:28.488 [TX] Hello seq=6
[B(0xBB)] 08:56:30.638 [RX] DATA id=87 from 0x11 payload=110087 (total=35)
[B(0xBB)] 08:56:30.793 [TX] ACK id=87 → 0x11
[B(0xBB)] 08:56:31.640 [RX] DATA id=87 from 0x33 payload=330087 (total=36)
[B(0xBB)] 08:56:31.790 [TX] ACK id=87 → 0x33
[B(0xBB)] 08:56:32.566 [RX] DATA id=12 from 0xAA payload=A00012 (total=37)
[B(0xBB)] 08:56:32.712 [TX] ACK id=12 → 0xAA
[B(0xBB)] 08:56:35.646 [RX] DATA id=88 from 0x11 payload=110088 (total=38)
[B(0xBB)] 08:56:35.787 [TX] ACK id=88 → 0x11
[B(0xBB)] 08:56:36.642 [RX] DATA id=88 from 0x33 payload=330088 (total=39)
[B(0xBB)] 08:56:36.791 [TX] ACK id=88 → 0x33
[B(0xBB)] 08:56:37.567 [RX] DATA id=13 from 0xAA payload=A00013 (total=40)
[B(0xBB)] 08:56:37.716 [TX] ACK id=13 → 0xAA
[B(0xBB)] 08:56:38.485 [TX] Hello seq=7
[B(0xBB)] 08:56:41.643 [RX] DATA id=89 from 0x33 payload=330089 (total=41)
[B(0xBB)] 08:56:41.790 [TX] ACK id=89 → 0x33
[B(0xBB)] 08:56:42.574 [RX] DATA id=14 from 0xAA payload=A00014 (total=42)
[B(0xBB)] 08:56:42.716 [TX] ACK id=14 → 0xAA
[B(0xBB)] 08:56:45.645 [RX] DATA id=90 from 0x11 payload=110090 (total=43)
[B(0xBB)] 08:56:45.783 [TX] ACK id=90 → 0x11
[B(0xBB)] 08:56:46.643 [RX] DATA id=90 from 0x33 payload=330090 (total=44)
[B(0xBB)] 08:56:46.787 [TX] ACK id=90 → 0x33
[B(0xBB)] 08:56:47.565 [RX] DATA id=15 from 0xAA payload=A00015 (total=45)
[B(0xBB)] 08:56:47.717 [TX] ACK id=15 → 0xAA
[B(0xBB)] 08:56:48.491 [TX] Hello seq=8
[B(0xBB)] 08:56:50.646 [RX] DATA id=91 from 0x11 payload=110091 (total=46)
[B(0xBB)] 08:56:50.789 [TX] ACK id=91 → 0x11
[B(0xBB)] 08:56:51.641 [RX] DATA id=91 from 0x33 payload=330091 (total=47)
[B(0xBB)] 08:56:51.788 [TX] ACK id=91 → 0x33
[B(0xBB)] 08:56:52.564 [RX] DATA id=16 from 0xAA payload=A00016 (total=48)
[B(0xBB)] 08:56:52.719 [TX] ACK id=16 → 0xAA
[B(0xBB)] 08:56:55.644 [RX] DATA id=92 from 0x11 payload=110092 (total=49)
[B(0xBB)] 08:56:55.785 [TX] ACK id=92 → 0x11
[B(0xBB)] 08:56:56.644 [RX] DATA id=92 from 0x33 payload=330092 (total=50)
[B(0xBB)] 08:56:56.790 [TX] ACK id=92 → 0x33
[B(0xBB)] 08:56:57.566 [RX] DATA id=17 from 0xAA payload=A00017 (total=51)
[B(0xBB)] 08:56:57.718 [TX] ACK id=17 → 0xAA
[B(0xBB)] 08:56:58.487 [TX] Hello seq=9
[B(0xBB)] 08:57:01.073 [RX] DATA id=93 from 0x11 payload=110093 (total=52)
[B(0xBB)] 08:57:01.216 [TX] ACK id=93 → 0x11
[B(0xBB)] 08:57:02.569 [RX] DATA id=18 from 0xAA payload=A00018 (total=53)
[B(0xBB)] 08:57:02.714 [TX] ACK id=18 → 0xAA
[B(0xBB)] 08:57:06.062 [RX] DATA id=94 from 0x11 payload=110094 (total=54)
[B(0xBB)] 08:57:06.215 [TX] ACK id=94 → 0x11
[B(0xBB)] 08:57:06.651 [RX] DATA id=94 from 0x33 payload=330094 (total=55)
[B(0xBB)] 08:57:06.794 [TX] ACK id=94 → 0x33
[B(0xBB)] 08:57:07.861 [RX] DATA id=19 from 0xAA payload=A00019 (total=56)
[B(0xBB)] 08:57:08.008 [TX] ACK id=19 → 0xAA
[B(0xBB)] 08:57:08.490 [TX] Hello seq=10
[B(0xBB)] 08:57:11.074 [RX] DATA id=95 from 0x11 payload=110095 (total=57)
[B(0xBB)] 08:57:11.212 [TX] ACK id=95 → 0x11
[B(0xBB)] 08:57:11.649 [RX] DATA id=95 from 0x33 payload=330095 (total=58)
[B(0xBB)] 08:57:11.790 [TX] ACK id=95 → 0x33
[B(0xBB)] 08:57:12.567 [RX] DATA id=20 from 0xAA payload=A00020 (total=59)
[B(0xBB)] 08:57:12.712 [TX] ACK id=20 → 0xAA
[B(0xBB)] 08:57:16.062 [RX] DATA id=96 from 0x11 payload=110096 (total=60)
[B(0xBB)] 08:57:16.215 [TX] ACK id=96 → 0x11
[B(0xBB)] 08:57:17.566 [RX] DATA id=21 from 0xAA payload=A00021 (total=61)
[B(0xBB)] 08:57:17.713 [TX] ACK id=21 → 0xAA
[B(0xBB)] 08:57:18.485 [TX] Hello seq=11
[B(0xBB)] 08:57:21.067 [RX] DATA id=97 from 0x11 payload=110097 (total=62)
[B(0xBB)] 08:57:21.218 [TX] ACK id=97 → 0x11
[B(0xBB)] 08:57:21.651 [RX] DATA id=97 from 0x33 payload=330097 (total=63)
[B(0xBB)] 08:57:21.795 [TX] ACK id=97 → 0x33
[B(0xBB)] 08:57:22.566 [RX] DATA id=22 from 0xAA payload=A00022 (total=64)
[B(0xBB)] 08:57:22.720 [TX] ACK id=22 → 0xAA
[B(0xBB)] 08:57:26.645 [RX] DATA id=98 from 0x33 payload=330098 (total=65)
[B(0xBB)] 08:57:26.787 [TX] ACK id=98 → 0x33
