[R1(0x11)] 09:20:05.744 ESP-ROM:esp32s3-20210327
[A(0xAA)] 09:20:05.744 ESP-ROM:esp32s3-20210327
[C(FLOOD)] 09:20:05.744 ESP-ROM:esp32s3-20210327
[B(0xBB)] 09:20:05.744 ESP-ROM:esp32s3-20210327
[R1(0x11)] 09:20:05.745 Build:Mar 27 2021
[A(0xAA)] 09:20:05.745 Build:Mar 27 2021
[C(FLOOD)] 09:20:05.745 Build:Mar 27 2021
[B(0xBB)] 09:20:05.746 Build:Mar 27 2021
[R1(0x11)] 09:20:05.746 rst:0x15 (USB_UART_CHIP_RESET),boot:0x39 (SPI_FAST_FLASH_BOOT)
[A(0xAA)] 09:20:05.746 rst:0x15 (USB_UART_CHIP_RESET),boot:0x19 (SPI_FAST_FLASH_BOOT)
[C(FLOOD)] 09:20:05.746 rst:0x15 (USB_UART_CHIP_RESET),boot:0x19 (SPI_FAST_FLASH_BOOT)
[B(0xBB)] 09:20:05.746 rst:0x15 (USB_UART_CHIP_RESET),boot:0x19 (SPI_FAST_FLASH_BOOT)
[R1(0x11)] 09:20:05.747 Saved PC:0x4037ce2a
[A(0xAA)] 09:20:05.747 Saved PC:0x4037ce2a
[C(FLOOD)] 09:20:05.747 Saved PC:0x4037ce2a
[B(0xBB)] 09:20:05.747 Saved PC:0x4037ce2a
[R1(0x11)] 09:20:05.748 SPIWP:0xee
[A(0xAA)] 09:20:05.748 SPIWP:0xee
[C(FLOOD)] 09:20:05.748 SPIWP:0xee
[B(0xBB)] 09:20:05.748 SPIWP:0xee
[R1(0x11)] 09:20:05.748 mode:DIO, clock div:1
[A(0xAA)] 09:20:05.749 mode:DIO, clock div:1
[C(FLOOD)] 09:20:05.749 mode:DIO, clock div:1
[B(0xBB)] 09:20:05.749 mode:DIO, clock div:1
[R1(0x11)] 09:20:05.749 load:0x3fce2820,len:0x10cc
[A(0xAA)] 09:20:05.749 load:0x3fce2820,len:0x10cc
[C(FLOOD)] 09:20:05.750 load:0x3fce2820,len:0x10cc
[B(0xBB)] 09:20:05.750 load:0x3fce2820,len:0x10cc
[R1(0x11)] 09:20:05.750 load:0x403c8700,len:0xc2c
[A(0xAA)] 09:20:05.750 load:0x403c8700,len:0xc2c
[C(FLOOD)] 09:20:05.750 load:0x403c8700,len:0xc2c
[B(0xBB)] 09:20:05.751 load:0x403c8700,len:0xc2c
[R1(0x11)] 09:20:05.751 load:0x403cb700,len:0x30c0
[A(0xAA)] 09:20:05.751 load:0x403cb700,len:0x30c0
[C(FLOOD)] 09:20:05.751 load:0x403cb700,len:0x30c0
[B(0xBB)] 09:20:05.751 load:0x403cb700,len:0x30c0
[R1(0x11)] 09:20:05.752 entry 0x403c88b8
[A(0xAA)] 09:20:05.752 entry 0x403c88b8
[C(FLOOD)] 09:20:05.752 entry 0x403c88b8
[B(0xBB)] 09:20:05.752 entry 0x403c88b8
[B(0xBB)] 09:20:05.900 
[B(0xBB)] 09:20:05.901 === E10 Node B (GATEWAY — honest, SECURITY_MODE=1) ===
[B(0xBB)] 09:20:05.901 [INFO] Gateway broadcasts Hello. Insider attacker (0xCC) races with own Hello.
[B(0xBB)] 09:20:05.901 [INFO] All honest nodes route to 0xCC (Duty Cycle Flood). PDR drops to 0%.
[B(0xBB)] 09:20:05.901 [INFO] This gateway cannot detect the Duty Cycle Flood — it just observes silence.
[R1(0x11)] 09:20:05.910 
[A(0xAA)] 09:20:05.910 
[R1(0x11)] 09:20:05.910 === E10 Relay 0x11 (honest, SECURITY_MODE=1) ===
[A(0xAA)] 09:20:05.910 === E10 Node A (SENDER — DC tracking, SECURITY_MODE=1) ===
[R1(0x11)] 09:20:05.911 [INFO] Demonstrates: insider Black Hole bypasses HMAC patch.
[A(0xAA)] 09:20:05.911 [INFO] DC window=1s limit=1%
[C(FLOOD)] 09:20:05.911 
[R1(0x11)] 09:20:05.911 [INFO] This relay will accept 0xCC's Hello (valid HMAC) and route into black hole.
[A(0xAA)] 09:20:05.911 [INFO] Data TX blocked when DC exceeds limit due to flood-induced relay traffic.
[C(FLOOD)] 09:20:05.912 === E10 Node C (DUTY CYCLE FLOODER) ===
[C(FLOOD)] 09:20:05.912 [INFO] Flood interval: 500ms (37% DC at SF9/BW125)
[C(FLOOD)] 09:20:05.912 [INFO] AS923 limit: 1% → sustained rate ~1 pkt/18.5s
[C(FLOOD)] 09:20:05.913 [INFO] This attacker ignores the limit to exhaust honest nodes' DC budget.
[C(FLOOD)] 09:20:05.913 [INFO] Finding: LoRaMesher has no DC rate-limiter — resource exhaustion possible.
[C(FLOOD)] 09:20:05.980 [RADIO] SX1262 ready @ 923 MHz AS923
[A(0xAA)] 09:20:05.992 [RADIO] SX1262 ready @ 923 MHz AS923
[B(0xBB)] 09:20:05.992 [RADIO] SX1262 ready @ 923 MHz AS923
[R1(0x11)] 09:20:05.992 [RADIO] SX1262 ready @ 923 MHz AS923
[C(FLOOD)] 09:20:06.255 [FLOOD] Hello seq=0 ch=923.2MHz tx=257ms DC=94.8% floods=1
[A(0xAA)] 09:20:06.349 [ROUTE] NH=0xBB metric=1
[B(0xBB)] 09:20:06.352 [TX] Hello seq=0 (hello #1)
[R1(0x11)] 09:20:06.352 [ROUTE] NH=0xBB metric=1
[A(0xAA)] 09:20:06.808 [RELAY] Hello metric=1 DC=50.44%
[C(FLOOD)] 09:20:07.010 [FLOOD] Hello seq=1 ch=923.4MHz tx=257ms DC=50.0% floods=2
[R1(0x11)] 09:20:07.107 [RELAY] Re-broadcast Hello metric=1 (learned from 0xBB metric=0)
[A(0xAA)] 09:20:07.111 [RELAY] SUPPRESSED — DC=37.80% > 1% (flood causing starvation)
[C(FLOOD)] 09:20:07.509 [FLOOD] Hello seq=2 ch=923.6MHz tx=257ms DC=50.5% floods=3
[C(FLOOD)] 09:20:08.014 [FLOOD] Hello seq=3 ch=923.8MHz tx=257ms DC=50.7% floods=4
[C(FLOOD)] 09:20:08.507 [FLOOD] Hello seq=4 ch=924.0MHz tx=257ms DC=50.8% floods=5
[C(FLOOD)] 09:20:09.011 [FLOOD] Hello seq=5 ch=924.2MHz tx=257ms DC=50.9% floods=6
[C(FLOOD)] 09:20:09.513 [FLOOD] Hello seq=6 ch=924.4MHz tx=257ms DC=51.0% floods=7
[C(FLOOD)] 09:20:10.006 [FLOOD] Hello seq=7 ch=924.6MHz tx=257ms DC=51.0% floods=8
[A(0xAA)] 09:20:10.397 [TX] DATA BLOCKED — DC=10.17% > 1% limit (blocked=1)
[A(0xAA)] 09:20:10.409 [DC] current=10.15% window_tx=457ms
[C(FLOOD)] 09:20:10.513 [FLOOD] Hello seq=8 ch=923.2MHz tx=257ms DC=51.1% floods=9
[C(FLOOD)] 09:20:11.014 [FLOOD] Hello seq=9 ch=923.4MHz tx=257ms DC=51.1% floods=10
[C(FLOOD)] 09:20:11.014 [FLOOD] Honest nodes forced to re-broadcast → consuming their 1% DC budget
[C(FLOOD)] 09:20:11.014 [FLOOD] Expected: honest nodes cannot send data after ~20 floods
[C(FLOOD)] 09:20:11.509 [FLOOD] Hello seq=10 ch=923.6MHz tx=257ms DC=51.1% floods=11
[C(FLOOD)] 09:20:12.015 [FLOOD] Hello seq=11 ch=923.8MHz tx=257ms DC=51.2% floods=12
[C(FLOOD)] 09:20:12.515 [FLOOD] Hello seq=12 ch=924.0MHz tx=257ms DC=51.2% floods=13
[R1(0x11)] 09:20:12.681 [TX] DATA id=0 via=0xBB
[B(0xBB)] 09:20:12.688 [RX] DATA id=0 from 0x11 payload=110000 (total=1)
[B(0xBB)] 09:20:12.832 [TX] ACK id=0 → 0x11
[R1(0x11)] 09:20:12.842 [RX] ACK id=0 PDR=100.0%
[C(FLOOD)] 09:20:13.013 [FLOOD] Hello seq=13 ch=924.2MHz tx=257ms DC=51.2% floods=14
[C(FLOOD)] 09:20:13.511 [FLOOD] Hello seq=14 ch=924.4MHz tx=257ms DC=51.2% floods=15
[C(FLOOD)] 09:20:14.014 [FLOOD] Hello seq=15 ch=924.6MHz tx=257ms DC=51.2% floods=16
[C(FLOOD)] 09:20:14.505 [FLOOD] Hello seq=16 ch=923.2MHz tx=257ms DC=51.2% floods=17
[C(FLOOD)] 09:20:15.007 [FLOOD] Hello seq=17 ch=923.4MHz tx=257ms DC=51.2% floods=18
[A(0xAA)] 09:20:15.399 [TX] DATA BLOCKED — DC=4.81% > 1% limit (blocked=2)
[A(0xAA)] 09:20:15.412 [DC] current=4.81% window_tx=457ms
[C(FLOOD)] 09:20:15.509 [FLOOD] Hello seq=18 ch=923.6MHz tx=257ms DC=51.2% floods=19
[C(FLOOD)] 09:20:16.015 [FLOOD] Hello seq=19 ch=923.8MHz tx=257ms DC=51.3% floods=20
[C(FLOOD)] 09:20:16.015 [FLOOD] Honest nodes forced to re-broadcast → consuming their 1% DC budget
[C(FLOOD)] 09:20:16.016 [FLOOD] Expected: honest nodes cannot send data after ~20 floods
[C(FLOOD)] 09:20:16.507 [FLOOD] Hello seq=20 ch=924.0MHz tx=257ms DC=51.3% floods=21
[B(0xBB)] 09:20:16.613 [TX] Hello seq=1 (hello #2)
[A(0xAA)] 09:20:16.613 [RELAY] SUPPRESSED — DC=4.27% > 1% (flood causing starvation)
[C(FLOOD)] 09:20:17.006 [FLOOD] Hello seq=21 ch=924.2MHz tx=257ms DC=51.3% floods=22
[R1(0x11)] 09:20:17.371 [RELAY] Re-broadcast Hello metric=1 (learned from 0xBB metric=0)
[A(0xAA)] 09:20:17.373 [RELAY] SUPPRESSED — DC=3.99% > 1% (flood causing starvation)
[C(FLOOD)] 09:20:17.510 [FLOOD] Hello seq=22 ch=924.4MHz tx=257ms DC=51.3% floods=23
[C(FLOOD)] 09:20:18.013 [FLOOD] Hello seq=23 ch=924.6MHz tx=257ms DC=51.3% floods=24
[C(FLOOD)] 09:20:18.510 [FLOOD] Hello seq=24 ch=923.2MHz tx=257ms DC=51.3% floods=25
[C(FLOOD)] 09:20:19.015 [FLOOD] Hello seq=25 ch=923.4MHz tx=257ms DC=51.3% floods=26
[C(FLOOD)] 09:20:19.514 [FLOOD] Hello seq=26 ch=923.6MHz tx=257ms DC=51.3% floods=27
[R1(0x11)] 09:20:19.686 [TX] DATA id=1 via=0xBB
[C(FLOOD)] 09:20:20.004 [FLOOD] Hello seq=27 ch=923.8MHz tx=257ms DC=51.3% floods=28
[A(0xAA)] 09:20:20.393 [TX] DATA BLOCKED — DC=3.15% > 1% limit (blocked=3)
[A(0xAA)] 09:20:20.406 [DC] current=3.15% window_tx=457ms
[C(FLOOD)] 09:20:20.512 [FLOOD] Hello seq=28 ch=924.0MHz tx=257ms DC=51.3% floods=29
[C(FLOOD)] 09:20:21.014 [FLOOD] Hello seq=29 ch=924.2MHz tx=257ms DC=51.3% floods=30
[C(FLOOD)] 09:20:21.015 [FLOOD] Honest nodes forced to re-broadcast → consuming their 1% DC budget
[C(FLOOD)] 09:20:21.015 [FLOOD] Expected: honest nodes cannot send data after ~20 floods
[C(FLOOD)] 09:20:21.509 [FLOOD] Hello seq=30 ch=924.4MHz tx=257ms DC=51.3% floods=31
[C(FLOOD)] 09:20:22.012 [FLOOD] Hello seq=31 ch=924.6MHz tx=257ms DC=51.3% floods=32
[C(FLOOD)] 09:20:22.505 [FLOOD] Hello seq=32 ch=923.2MHz tx=257ms DC=51.3% floods=33
[C(FLOOD)] 09:20:23.009 [FLOOD] Hello seq=33 ch=923.4MHz tx=257ms DC=51.3% floods=34
[C(FLOOD)] 09:20:23.514 [FLOOD] Hello seq=34 ch=923.6MHz tx=257ms DC=51.3% floods=35
[C(FLOOD)] 09:20:24.014 [FLOOD] Hello seq=35 ch=923.8MHz tx=257ms DC=51.3% floods=36
[C(FLOOD)] 09:20:24.516 [FLOOD] Hello seq=36 ch=924.0MHz tx=257ms DC=51.3% floods=37
[C(FLOOD)] 09:20:25.008 [FLOOD] Hello seq=37 ch=924.2MHz tx=257ms DC=51.3% floods=38
[A(0xAA)] 09:20:25.400 [TX] DATA BLOCKED — DC=2.34% > 1% limit (blocked=4)
[A(0xAA)] 09:20:25.413 [DC] current=2.34% window_tx=457ms
[C(FLOOD)] 09:20:25.504 [FLOOD] Hello seq=38 ch=924.4MHz tx=257ms DC=51.3% floods=39
[C(FLOOD)] 09:20:26.016 [FLOOD] Hello seq=39 ch=924.6MHz tx=257ms DC=51.3% floods=40
[C(FLOOD)] 09:20:26.017 [FLOOD] Honest nodes forced to re-broadcast → consuming their 1% DC budget
[C(FLOOD)] 09:20:26.017 [FLOOD] Expected: honest nodes cannot send data after ~20 floods
[C(FLOOD)] 09:20:26.507 [FLOOD] Hello seq=40 ch=923.2MHz tx=257ms DC=51.3% floods=41
[B(0xBB)] 09:20:26.611 [TX] Hello seq=2 (hello #3)
[R1(0x11)] 09:20:26.690 [TX] DATA id=2 via=0xBB
[C(FLOOD)] 09:20:27.014 [FLOOD] Hello seq=41 ch=923.4MHz tx=257ms DC=51.3% floods=42
[A(0xAA)] 09:20:27.371 [RELAY] SUPPRESSED — DC=2.13% > 1% (flood causing starvation)
[C(FLOOD)] 09:20:27.505 [FLOOD] Hello seq=42 ch=923.6MHz tx=257ms DC=51.3% floods=43
[C(FLOOD)] 09:20:28.008 [FLOOD] Hello seq=43 ch=923.8MHz tx=257ms DC=51.3% floods=44
[R1(0x11)] 09:20:28.127 [RELAY] Re-broadcast Hello metric=2 (learned from 0x33 metric=1)
[A(0xAA)] 09:20:28.129 [RELAY] SUPPRESSED — DC=2.06% > 1% (flood causing starvation)
[C(FLOOD)] 09:20:28.508 [FLOOD] Hello seq=44 ch=924.0MHz tx=257ms DC=51.3% floods=45
[A(0xAA)] 09:20:28.897 [RELAY] SUPPRESSED — DC=1.99% > 1% (flood causing starvation)
[C(FLOOD)] 09:20:29.015 [FLOOD] Hello seq=45 ch=924.2MHz tx=257ms DC=51.3% floods=46
[C(FLOOD)] 09:20:29.506 [FLOOD] Hello seq=46 ch=924.4MHz tx=257ms DC=51.3% floods=47
[B(0xBB)] 09:20:29.600 [RX] DATA id=82 from 0x33 payload=330082 (total=2)
[R1(0x11)] 09:20:29.659 [RELAY] Re-broadcast Hello metric=4 (learned from 0x33 metric=3)
[B(0xBB)] 09:20:29.741 [TX] ACK id=82 → 0x33
[C(FLOOD)] 09:20:30.008 [FLOOD] Hello seq=47 ch=924.6MHz tx=257ms DC=51.3% floods=48
[A(0xAA)] 09:20:30.405 [TX] DATA BLOCKED — DC=1.87% > 1% limit (blocked=5)
[A(0xAA)] 09:20:30.405 [DC] current=1.87% window_tx=457ms
[C(FLOOD)] 09:20:30.508 [FLOOD] Hello seq=48 ch=923.2MHz tx=257ms DC=51.3% floods=49
[C(FLOOD)] 09:20:31.013 [FLOOD] Hello seq=49 ch=923.4MHz tx=257ms DC=51.3% floods=50
[C(FLOOD)] 09:20:31.014 [FLOOD] Honest nodes forced to re-broadcast → consuming their 1% DC budget
[C(FLOOD)] 09:20:31.014 [FLOOD] Expected: honest nodes cannot send data after ~20 floods
[C(FLOOD)] 09:20:31.506 [FLOOD] Hello seq=50 ch=923.6MHz tx=257ms DC=51.3% floods=51
[C(FLOOD)] 09:20:32.007 [FLOOD] Hello seq=51 ch=923.8MHz tx=257ms DC=51.3% floods=52
[C(FLOOD)] 09:20:32.505 [FLOOD] Hello seq=52 ch=924.0MHz tx=257ms DC=51.3% floods=53
[C(FLOOD)] 09:20:33.011 [FLOOD] Hello seq=53 ch=924.2MHz tx=257ms DC=51.3% floods=54
[C(FLOOD)] 09:20:33.512 [FLOOD] Hello seq=54 ch=924.4MHz tx=257ms DC=51.3% floods=55
[R1(0x11)] 09:20:33.689 [TX] DATA id=3 via=0xBB
[B(0xBB)] 09:20:33.691 [RX] DATA id=3 from 0x11 payload=110003 (total=3)
[B(0xBB)] 09:20:33.833 [TX] ACK id=3 → 0x11
[R1(0x11)] 09:20:33.844 [RX] ACK id=3 PDR=50.0%
[C(FLOOD)] 09:20:34.012 [FLOOD] Hello seq=55 ch=924.6MHz tx=257ms DC=51.3% floods=56
[C(FLOOD)] 09:20:34.514 [FLOOD] Hello seq=56 ch=923.2MHz tx=257ms DC=51.3% floods=57
[B(0xBB)] 09:20:34.892 [RX] DATA id=83 from 0x33 payload=330083 (total=4)
[C(FLOOD)] 09:20:35.016 [FLOOD] Hello seq=57 ch=923.4MHz tx=257ms DC=51.4% floods=58
[B(0xBB)] 09:20:35.039 [TX] ACK id=83 → 0x33
[A(0xAA)] 09:20:35.399 [TX] DATA BLOCKED — DC=1.55% > 1% limit (blocked=6)
[A(0xAA)] 09:20:35.411 [DC] current=1.55% window_tx=457ms
[C(FLOOD)] 09:20:35.506 [FLOOD] Hello seq=58 ch=923.6MHz tx=257ms DC=51.4% floods=59
[C(FLOOD)] 09:20:36.008 [FLOOD] Hello seq=59 ch=923.8MHz tx=257ms DC=51.4% floods=60
[C(FLOOD)] 09:20:36.008 [FLOOD] Honest nodes forced to re-broadcast → consuming their 1% DC budget
[C(FLOOD)] 09:20:36.009 [FLOOD] Expected: honest nodes cannot send data after ~20 floods
[C(FLOOD)] 09:20:36.507 [FLOOD] Hello seq=60 ch=924.0MHz tx=257ms DC=51.4% floods=61
[B(0xBB)] 09:20:36.603 [TX] Hello seq=3 (hello #4)
[R1(0x11)] 09:20:36.610 [ROUTE] NH=0xBB metric=1
[A(0xAA)] 09:20:36.613 [ROUTE] NH=0xBB metric=1
[A(0xAA)] 09:20:36.613 [RELAY] SUPPRESSED — DC=1.49% > 1% (flood causing starvation)
[C(FLOOD)] 09:20:37.014 [FLOOD] Hello seq=61 ch=924.2MHz tx=257ms DC=51.4% floods=62
[A(0xAA)] 09:20:37.370 [RELAY] SUPPRESSED — DC=1.45% > 1% (flood causing starvation)
[R1(0x11)] 09:20:37.373 [RELAY] Re-broadcast Hello metric=1 (learned from 0xBB metric=0)
[C(FLOOD)] 09:20:37.505 [FLOOD] Hello seq=62 ch=924.4MHz tx=257ms DC=51.4% floods=63
[C(FLOOD)] 09:20:38.006 [FLOOD] Hello seq=63 ch=924.6MHz tx=257ms DC=51.4% floods=64
[C(FLOOD)] 09:20:38.510 [FLOOD] Hello seq=64 ch=923.2MHz tx=257ms DC=51.4% floods=65
[C(FLOOD)] 09:20:39.007 [FLOOD] Hello seq=65 ch=923.4MHz tx=257ms DC=51.4% floods=66
[C(FLOOD)] 09:20:39.511 [FLOOD] Hello seq=66 ch=923.6MHz tx=257ms DC=51.4% floods=67
[B(0xBB)] 09:20:39.596 [RX] DATA id=84 from 0x33 payload=330084 (total=5)
[B(0xBB)] 09:20:39.743 [TX] ACK id=84 → 0x33
[C(FLOOD)] 09:20:40.008 [FLOOD] Hello seq=67 ch=923.8MHz tx=257ms DC=51.4% floods=68
[B(0xBB)] 09:20:40.174 [RX] DATA id=84 from 0x22 payload=220084 (total=6)
[B(0xBB)] 09:20:40.316 [TX] ACK id=84 → 0x22
[A(0xAA)] 09:20:40.397 [TX] DATA BLOCKED — DC=1.32% > 1% limit (blocked=7)
[A(0xAA)] 09:20:40.409 [DC] current=1.32% window_tx=457ms
[C(FLOOD)] 09:20:40.515 [FLOOD] Hello seq=68 ch=924.0MHz tx=257ms DC=51.4% floods=69
[B(0xBB)] 09:20:40.690 [RX] DATA id=4 from 0x11 payload=110004 (total=7)
[R1(0x11)] 09:20:40.691 [TX] DATA id=4 via=0xBB
[R1(0x11)] 09:20:40.833 [RX] ACK id=4 PDR=60.0%
[B(0xBB)] 09:20:40.833 [TX] ACK id=4 → 0x11
[C(FLOOD)] 09:20:41.011 [FLOOD] Hello seq=69 ch=924.2MHz tx=257ms DC=51.4% floods=70
[C(FLOOD)] 09:20:41.012 [FLOOD] Honest nodes forced to re-broadcast → consuming their 1% DC budget
[C(FLOOD)] 09:20:41.013 [FLOOD] Expected: honest nodes cannot send data after ~20 floods
[C(FLOOD)] 09:20:41.509 [FLOOD] Hello seq=70 ch=924.4MHz tx=257ms DC=51.4% floods=71
[C(FLOOD)] 09:20:42.013 [FLOOD] Hello seq=71 ch=924.6MHz tx=257ms DC=51.4% floods=72
[C(FLOOD)] 09:20:42.507 [FLOOD] Hello seq=72 ch=923.2MHz tx=257ms DC=51.4% floods=73
[C(FLOOD)] 09:20:43.009 [FLOOD] Hello seq=73 ch=923.4MHz tx=257ms DC=51.4% floods=74
[C(FLOOD)] 09:20:43.511 [FLOOD] Hello seq=74 ch=923.6MHz tx=257ms DC=51.4% floods=75
[C(FLOOD)] 09:20:44.010 [FLOOD] Hello seq=75 ch=923.8MHz tx=257ms DC=51.4% floods=76
[C(FLOOD)] 09:20:44.505 [FLOOD] Hello seq=76 ch=924.0MHz tx=257ms DC=51.4% floods=77
[B(0xBB)] 09:20:44.596 [RX] DATA id=85 from 0x33 payload=330085 (total=8)
[B(0xBB)] 09:20:44.749 [TX] ACK id=85 → 0x33
[C(FLOOD)] 09:20:45.006 [FLOOD] Hello seq=77 ch=924.2MHz tx=257ms DC=51.4% floods=78
[B(0xBB)] 09:20:45.178 [RX] DATA id=85 from 0x22 payload=220085 (total=9)
[B(0xBB)] 09:20:45.325 [TX] ACK id=85 → 0x22
[A(0xAA)] 09:20:45.403 [TX] DATA BLOCKED — DC=1.16% > 1% limit (blocked=8)
[A(0xAA)] 09:20:45.403 [DC] current=1.16% window_tx=457ms
[C(FLOOD)] 09:20:45.511 [FLOOD] Hello seq=78 ch=924.4MHz tx=257ms DC=51.4% floods=79
[C(FLOOD)] 09:20:46.016 [FLOOD] Hello seq=79 ch=924.6MHz tx=257ms DC=51.4% floods=80
[C(FLOOD)] 09:20:46.016 [FLOOD] Honest nodes forced to re-broadcast → consuming their 1% DC budget
[C(FLOOD)] 09:20:46.017 [FLOOD] Expected: honest nodes cannot send data after ~20 floods
[C(FLOOD)] 09:20:46.514 [FLOOD] Hello seq=80 ch=923.2MHz tx=257ms DC=51.4% floods=81
[A(0xAA)] 09:20:46.606 [RELAY] SUPPRESSED — DC=1.12% > 1% (flood causing starvation)
[B(0xBB)] 09:20:46.609 [TX] Hello seq=4 (hello #5)
[C(FLOOD)] 09:20:47.008 [FLOOD] Hello seq=81 ch=923.4MHz tx=257ms DC=51.4% floods=82
[A(0xAA)] 09:20:47.367 [RELAY] SUPPRESSED — DC=1.10% > 1% (flood causing starvation)
[R1(0x11)] 09:20:47.370 [RELAY] Re-broadcast Hello metric=1 (learned from 0xBB metric=0)
[C(FLOOD)] 09:20:47.513 [FLOOD] Hello seq=82 ch=923.6MHz tx=257ms DC=51.4% floods=83
[R1(0x11)] 09:20:47.681 [TX] DATA id=5 via=0xBB
[B(0xBB)] 09:20:47.691 [RX] DATA id=5 from 0x11 payload=110005 (total=10)
[B(0xBB)] 09:20:47.834 [TX] ACK id=5 → 0x11
[R1(0x11)] 09:20:47.847 [RX] ACK id=5 PDR=66.7%
[C(FLOOD)] 09:20:48.014 [FLOOD] Hello seq=83 ch=923.8MHz tx=257ms DC=51.4% floods=84
[C(FLOOD)] 09:20:48.505 [FLOOD] Hello seq=84 ch=924.0MHz tx=257ms DC=51.4% floods=85
[C(FLOOD)] 09:20:49.009 [FLOOD] Hello seq=85 ch=924.2MHz tx=257ms DC=51.4% floods=86
[C(FLOOD)] 09:20:49.508 [FLOOD] Hello seq=86 ch=924.4MHz tx=257ms DC=51.4% floods=87
[B(0xBB)] 09:20:49.600 [RX] DATA id=86 from 0x33 payload=330086 (total=11)
[B(0xBB)] 09:20:49.743 [TX] ACK id=86 → 0x33
[C(FLOOD)] 09:20:50.009 [FLOOD] Hello seq=87 ch=924.6MHz tx=257ms DC=51.4% floods=88
[B(0xBB)] 09:20:50.171 [RX] DATA id=86 from 0x22 payload=220086 (total=12)
[B(0xBB)] 09:20:50.315 [TX] ACK id=86 → 0x22
[A(0xAA)] 09:20:50.396 [TX] DATA BLOCKED — DC=1.03% > 1% limit (blocked=9)
[A(0xAA)] 09:20:50.409 [DC] current=1.03% window_tx=457ms
[C(FLOOD)] 09:20:50.506 [FLOOD] Hello seq=88 ch=923.2MHz tx=257ms DC=51.4% floods=89
[C(FLOOD)] 09:20:51.012 [FLOOD] Hello seq=89 ch=923.4MHz tx=257ms DC=51.4% floods=90
[C(FLOOD)] 09:20:51.012 [FLOOD] Honest nodes forced to re-broadcast → consuming their 1% DC budget
[C(FLOOD)] 09:20:51.013 [FLOOD] Expected: honest nodes cannot send data after ~20 floods
[C(FLOOD)] 09:20:51.506 [FLOOD] Hello seq=90 ch=923.6MHz tx=257ms DC=51.4% floods=91
[C(FLOOD)] 09:20:52.005 [FLOOD] Hello seq=91 ch=923.8MHz tx=257ms DC=51.4% floods=92
[C(FLOOD)] 09:20:52.516 [FLOOD] Hello seq=92 ch=924.0MHz tx=257ms DC=51.4% floods=93
[C(FLOOD)] 09:20:53.009 [FLOOD] Hello seq=93 ch=924.2MHz tx=257ms DC=51.4% floods=94
[C(FLOOD)] 09:20:53.510 [FLOOD] Hello seq=94 ch=924.4MHz tx=257ms DC=51.4% floods=95
[C(FLOOD)] 09:20:54.010 [FLOOD] Hello seq=95 ch=924.6MHz tx=257ms DC=51.4% floods=96
[C(FLOOD)] 09:20:54.507 [FLOOD] Hello seq=96 ch=923.2MHz tx=257ms DC=51.4% floods=97
[B(0xBB)] 09:20:54.599 [RX] DATA id=87 from 0x33 payload=330087 (total=13)
[R1(0x11)] 09:20:54.680 [TX] DATA id=6 via=0xBB
[B(0xBB)] 09:20:54.740 [TX] ACK id=87 → 0x33
[C(FLOOD)] 09:20:55.006 [FLOOD] Hello seq=97 ch=923.4MHz tx=257ms DC=51.4% floods=98
[B(0xBB)] 09:20:55.171 [RX] DATA id=87 from 0x22 payload=220087 (total=14)
[B(0xBB)] 09:20:55.317 [TX] ACK id=87 → 0x22
[C(FLOOD)] 09:20:55.505 [FLOOD] Hello seq=98 ch=923.6MHz tx=257ms DC=51.4% floods=99
[A(0xAA)] 09:20:55.681 [TX] DATA id=0 via=0xBB DC=0.00% PDR=0.0%
[B(0xBB)] 09:20:55.685 [RX] DATA id=0 from 0xAA payload=A00000 (total=15)
[A(0xAA)] 09:20:55.694 [DC] current=0.00% window_tx=285ms
[A(0xAA)] 09:20:55.839 [RX] ACK id=0 PDR=100.0%
[B(0xBB)] 09:20:55.840 [TX] ACK id=0 → 0xAA
[C(FLOOD)] 09:20:56.011 [FLOOD] Hello seq=99 ch=923.8MHz tx=257ms DC=51.4% floods=100
[C(FLOOD)] 09:20:56.011 [FLOOD] Honest nodes forced to re-broadcast → consuming their 1% DC budget
[C(FLOOD)] 09:20:56.011 [FLOOD] Expected: honest nodes cannot send data after ~20 floods
[C(FLOOD)] 09:20:56.516 [FLOOD] Hello seq=100 ch=924.0MHz tx=257ms DC=51.4% floods=101
[A(0xAA)] 09:20:56.614 [RELAY] SUPPRESSED — DC=30.78% > 1% (flood causing starvation)
[B(0xBB)] 09:20:56.614 [TX] Hello seq=5 (hello #6)
[C(FLOOD)] 09:20:57.004 [FLOOD] Hello seq=101 ch=924.2MHz tx=257ms DC=51.4% floods=102
[R1(0x11)] 09:20:57.374 [RELAY] Re-broadcast Hello metric=1 (learned from 0xBB metric=0)
[A(0xAA)] 09:20:57.378 [RELAY] SUPPRESSED — DC=16.89% > 1% (flood causing starvation)
[C(FLOOD)] 09:20:57.509 [FLOOD] Hello seq=102 ch=924.4MHz tx=257ms DC=51.4% floods=103
[C(FLOOD)] 09:20:58.014 [FLOOD] Hello seq=103 ch=924.6MHz tx=257ms DC=51.4% floods=104
[C(FLOOD)] 09:20:58.507 [FLOOD] Hello seq=104 ch=923.2MHz tx=257ms DC=51.4% floods=105
[C(FLOOD)] 09:20:59.016 [FLOOD] Hello seq=105 ch=923.4MHz tx=257ms DC=51.4% floods=106
[C(FLOOD)] 09:20:59.509 [FLOOD] Hello seq=106 ch=923.6MHz tx=257ms DC=51.4% floods=107
[B(0xBB)] 09:20:59.603 [RX] DATA id=88 from 0x33 payload=330088 (total=16)
[B(0xBB)] 09:20:59.745 [TX] ACK id=88 → 0x33
[C(FLOOD)] 09:21:00.009 [FLOOD] Hello seq=107 ch=923.8MHz tx=257ms DC=51.4% floods=108
[B(0xBB)] 09:21:00.174 [RX] DATA id=88 from 0x22 payload=220088 (total=17)
[B(0xBB)] 09:21:00.322 [TX] ACK id=88 → 0x22
[A(0xAA)] 09:21:00.401 [TX] DATA BLOCKED — DC=6.05% > 1% limit (blocked=10)
[A(0xAA)] 09:21:00.414 [DC] current=6.03% window_tx=285ms
[C(FLOOD)] 09:21:00.511 [FLOOD] Hello seq=108 ch=924.0MHz tx=257ms DC=51.4% floods=109
[C(FLOOD)] 09:21:01.014 [FLOOD] Hello seq=109 ch=924.2MHz tx=257ms DC=51.4% floods=110
[C(FLOOD)] 09:21:01.014 [FLOOD] Honest nodes forced to re-broadcast → consuming their 1% DC budget
[C(FLOOD)] 09:21:01.014 [FLOOD] Expected: honest nodes cannot send data after ~20 floods
[C(FLOOD)] 09:21:01.510 [FLOOD] Hello seq=110 ch=924.4MHz tx=257ms DC=51.4% floods=111
[R1(0x11)] 09:21:01.692 [TX] DATA id=7 via=0xBB
[B(0xBB)] 09:21:01.695 [RX] DATA id=7 from 0x11 payload=110007 (total=18)
[R1(0x11)] 09:21:01.836 [RX] ACK id=7 PDR=62.5%
[B(0xBB)] 09:21:01.840 [TX] ACK id=7 → 0x11
[C(FLOOD)] 09:21:02.005 [FLOOD] Hello seq=111 ch=924.6MHz tx=257ms DC=51.4% floods=112
[C(FLOOD)] 09:21:02.516 [FLOOD] Hello seq=112 ch=923.2MHz tx=257ms DC=51.4% floods=113
[C(FLOOD)] 09:21:03.013 [FLOOD] Hello seq=113 ch=923.4MHz tx=257ms DC=51.4% floods=114
[C(FLOOD)] 09:21:03.508 [FLOOD] Hello seq=114 ch=923.6MHz tx=257ms DC=51.4% floods=115
[C(FLOOD)] 09:21:04.005 [FLOOD] Hello seq=115 ch=923.8MHz tx=257ms DC=51.4% floods=116
[C(FLOOD)] 09:21:04.505 [FLOOD] Hello seq=116 ch=924.0MHz tx=257ms DC=51.4% floods=117
[B(0xBB)] 09:21:04.600 [RX] DATA id=89 from 0x33 payload=330089 (total=19)
[B(0xBB)] 09:21:04.738 [TX] ACK id=89 → 0x33
[C(FLOOD)] 09:21:05.006 [FLOOD] Hello seq=117 ch=924.2MHz tx=257ms DC=51.4% floods=118
[B(0xBB)] 09:21:05.174 [RX] DATA id=89 from 0x22 payload=220089 (total=20)
[B(0xBB)] 09:21:05.316 [TX] ACK id=89 → 0x22
[A(0xAA)] 09:21:05.400 [TX] DATA BLOCKED — DC=2.93% > 1% limit (blocked=11)
[A(0xAA)] 09:21:05.413 [DC] current=2.93% window_tx=285ms
[C(FLOOD)] 09:21:05.505 [FLOOD] Hello seq=118 ch=924.4MHz tx=257ms DC=51.4% floods=119
[C(FLOOD)] 09:21:06.016 [FLOOD] Hello seq=119 ch=924.6MHz tx=257ms DC=51.4% floods=120
[C(FLOOD)] 09:21:06.016 [FLOOD] Honest nodes forced to re-broadcast → consuming their 1% DC budget
[C(FLOOD)] 09:21:06.017 [FLOOD] Expected: honest nodes cannot send data after ~20 floods
[C(FLOOD)] 09:21:06.511 [FLOOD] Hello seq=120 ch=923.2MHz tx=257ms DC=51.4% floods=121
[A(0xAA)] 09:21:06.606 [RELAY] SUPPRESSED — DC=2.61% > 1% (flood causing starvation)
[B(0xBB)] 09:21:06.613 [TX] Hello seq=6 (hello #7)
[C(FLOOD)] 09:21:07.012 [FLOOD] Hello seq=121 ch=923.4MHz tx=257ms DC=51.4% floods=122
[R1(0x11)] 09:21:07.371 [RELAY] Re-broadcast Hello metric=1 (learned from 0xBB metric=0)
[A(0xAA)] 09:21:07.373 [ROUTE] NH=0x22 metric=2
[A(0xAA)] 09:21:07.373 [RELAY] SUPPRESSED — DC=2.44% > 1% (flood causing starvation)
[C(FLOOD)] 09:21:07.505 [FLOOD] Hello seq=122 ch=923.6MHz tx=257ms DC=51.4% floods=123
[C(FLOOD)] 09:21:08.007 [FLOOD] Hello seq=123 ch=923.8MHz tx=257ms DC=51.4% floods=124
[C(FLOOD)] 09:21:08.510 [FLOOD] Hello seq=124 ch=924.0MHz tx=257ms DC=51.4% floods=125
[R1(0x11)] 09:21:08.687 [TX] DATA id=8 via=0xBB
[B(0xBB)] 09:21:08.692 [RX] DATA id=8 from 0x11 payload=110008 (total=21)
[R1(0x11)] 09:21:08.835 [RX] ACK id=8 PDR=66.7%
[B(0xBB)] 09:21:08.838 [TX] ACK id=8 → 0x11
[C(FLOOD)] 09:21:09.006 [FLOOD] Hello seq=125 ch=924.2MHz tx=257ms DC=51.4% floods=126
[C(FLOOD)] 09:21:09.514 [FLOOD] Hello seq=126 ch=924.4MHz tx=257ms DC=51.4% floods=127
[B(0xBB)] 09:21:09.604 [RX] DATA id=90 from 0x33 payload=330090 (total=22)
[B(0xBB)] 09:21:09.745 [TX] ACK id=90 → 0x33
[C(FLOOD)] 09:21:10.006 [FLOOD] Hello seq=127 ch=924.6MHz tx=257ms DC=51.4% floods=128
[B(0xBB)] 09:21:10.176 [RX] DATA id=90 from 0x22 payload=220090 (total=23)
[B(0xBB)] 09:21:10.316 [TX] ACK id=90 → 0x22
[A(0xAA)] 09:21:10.399 [TX] DATA BLOCKED — DC=1.94% > 1% limit (blocked=12)
[A(0xAA)] 09:21:10.413 [DC] current=1.94% window_tx=285ms
[C(FLOOD)] 09:21:10.507 [FLOOD] Hello seq=128 ch=923.2MHz tx=257ms DC=51.4% floods=129
[C(FLOOD)] 09:21:11.009 [FLOOD] Hello seq=129 ch=923.4MHz tx=257ms DC=51.4% floods=130
[C(FLOOD)] 09:21:11.010 [FLOOD] Honest nodes forced to re-broadcast → consuming their 1% DC budget
[C(FLOOD)] 09:21:11.010 [FLOOD] Expected: honest nodes cannot send data after ~20 floods
[C(FLOOD)] 09:21:11.515 [FLOOD] Hello seq=130 ch=923.6MHz tx=257ms DC=51.4% floods=131
[C(FLOOD)] 09:21:12.008 [FLOOD] Hello seq=131 ch=923.8MHz tx=257ms DC=51.4% floods=132
[C(FLOOD)] 09:21:12.514 [FLOOD] Hello seq=132 ch=924.0MHz tx=257ms DC=51.4% floods=133
[C(FLOOD)] 09:21:13.016 [FLOOD] Hello seq=133 ch=924.2MHz tx=257ms DC=51.4% floods=134
[C(FLOOD)] 09:21:13.506 [FLOOD] Hello seq=134 ch=924.4MHz tx=257ms DC=51.4% floods=135
[C(FLOOD)] 09:21:14.013 [FLOOD] Hello seq=135 ch=924.6MHz tx=257ms DC=51.4% floods=136
[C(FLOOD)] 09:21:14.515 [FLOOD] Hello seq=136 ch=923.2MHz tx=257ms DC=51.4% floods=137
[B(0xBB)] 09:21:14.599 [RX] DATA id=91 from 0x33 payload=330091 (total=24)
[B(0xBB)] 09:21:14.746 [TX] ACK id=91 → 0x33
[C(FLOOD)] 09:21:15.017 [FLOOD] Hello seq=137 ch=923.4MHz tx=257ms DC=51.4% floods=138
[B(0xBB)] 09:21:15.169 [RX] DATA id=91 from 0x22 payload=220091 (total=25)
[B(0xBB)] 09:21:15.327 [TX] ACK id=91 → 0x22
[A(0xAA)] 09:21:15.397 [TX] DATA BLOCKED — DC=1.45% > 1% limit (blocked=13)
[A(0xAA)] 09:21:15.410 [DC] current=1.45% window_tx=285ms
[C(FLOOD)] 09:21:15.505 [FLOOD] Hello seq=138 ch=923.6MHz tx=257ms DC=51.4% floods=139
[R1(0x11)] 09:21:15.680 [TX] DATA id=9 via=0xBB
[B(0xBB)] 09:21:15.691 [RX] DATA id=9 from 0x11 payload=110009 (total=26)
[B(0xBB)] 09:21:15.834 [TX] ACK id=9 → 0x11
[R1(0x11)] 09:21:15.834 [RX] ACK id=9 PDR=70.0%
[C(FLOOD)] 09:21:16.009 [FLOOD] Hello seq=139 ch=923.8MHz tx=257ms DC=51.4% floods=140
[C(FLOOD)] 09:21:16.009 [FLOOD] Honest nodes forced to re-broadcast → consuming their 1% DC budget
[C(FLOOD)] 09:21:16.010 [FLOOD] Expected: honest nodes cannot send data after ~20 floods
[C(FLOOD)] 09:21:16.506 [FLOOD] Hello seq=140 ch=924.0MHz tx=257ms DC=51.4% floods=141
[R1(0x11)] 09:21:16.609 [ROUTE] NH=0xBB metric=1
[B(0xBB)] 09:21:16.610 [TX] Hello seq=7 (hello #8)
[A(0xAA)] 09:21:16.610 [ROUTE] NH=0xBB metric=1
[A(0xAA)] 09:21:16.610 [RELAY] SUPPRESSED — DC=1.36% > 1% (flood causing starvation)
[C(FLOOD)] 09:21:17.010 [FLOOD] Hello seq=141 ch=924.2MHz tx=257ms DC=51.4% floods=142
[R1(0x11)] 09:21:17.373 [RELAY] Re-broadcast Hello metric=1 (learned from 0xBB metric=0)
[A(0xAA)] 09:21:17.373 [RELAY] SUPPRESSED — DC=1.31% > 1% (flood causing starvation)
[C(FLOOD)] 09:21:17.507 [FLOOD] Hello seq=142 ch=924.4MHz tx=257ms DC=51.4% floods=143
[C(FLOOD)] 09:21:18.011 [FLOOD] Hello seq=143 ch=924.6MHz tx=257ms DC=51.4% floods=144
[C(FLOOD)] 09:21:18.513 [FLOOD] Hello seq=144 ch=923.2MHz tx=257ms DC=51.4% floods=145
[C(FLOOD)] 09:21:19.016 [FLOOD] Hello seq=145 ch=923.4MHz tx=257ms DC=51.4% floods=146
[C(FLOOD)] 09:21:19.515 [FLOOD] Hello seq=146 ch=923.6MHz tx=257ms DC=51.4% floods=147
[B(0xBB)] 09:21:19.593 [RX] DATA id=92 from 0x33 payload=330092 (total=27)
[B(0xBB)] 09:21:19.745 [TX] ACK id=92 → 0x33
[C(FLOOD)] 09:21:20.007 [FLOOD] Hello seq=147 ch=923.8MHz tx=257ms DC=51.4% floods=148
[B(0xBB)] 09:21:20.176 [RX] DATA id=92 from 0x22 payload=220092 (total=28)
[B(0xBB)] 09:21:20.319 [TX] ACK id=92 → 0x22
[A(0xAA)] 09:21:20.402 [TX] DATA BLOCKED — DC=1.15% > 1% limit (blocked=14)
[A(0xAA)] 09:21:20.403 [DC] current=1.15% window_tx=285ms
[C(FLOOD)] 09:21:20.509 [FLOOD] Hello seq=148 ch=924.0MHz tx=257ms DC=51.4% floods=149
[C(FLOOD)] 09:21:21.016 [FLOOD] Hello seq=149 ch=924.2MHz tx=257ms DC=51.4% floods=150
[C(FLOOD)] 09:21:21.016 [FLOOD] Honest nodes forced to re-broadcast → consuming their 1% DC budget
[C(FLOOD)] 09:21:21.017 [FLOOD] Expected: honest nodes cannot send data after ~20 floods
[C(FLOOD)] 09:21:21.509 [FLOOD] Hello seq=150 ch=924.4MHz tx=257ms DC=51.4% floods=151
[C(FLOOD)] 09:21:22.009 [FLOOD] Hello seq=151 ch=924.6MHz tx=257ms DC=51.4% floods=152
[C(FLOOD)] 09:21:22.517 [FLOOD] Hello seq=152 ch=923.2MHz tx=257ms DC=51.4% floods=153
[R1(0x11)] 09:21:22.684 [TX] DATA id=10 via=0xBB
[B(0xBB)] 09:21:22.686 [RX] DATA id=10 from 0x11 payload=110010 (total=29)
[R1(0x11)] 09:21:22.839 [RX] ACK id=10 PDR=72.7%
[B(0xBB)] 09:21:22.841 [TX] ACK id=10 → 0x11
[C(FLOOD)] 09:21:23.017 [FLOOD] Hello seq=153 ch=923.4MHz tx=257ms DC=51.4% floods=154
[C(FLOOD)] 09:21:23.511 [FLOOD] Hello seq=154 ch=923.6MHz tx=257ms DC=51.4% floods=155
[C(FLOOD)] 09:21:24.007 [FLOOD] Hello seq=155 ch=923.8MHz tx=257ms DC=51.4% floods=156
[C(FLOOD)] 09:21:24.505 [FLOOD] Hello seq=156 ch=924.0MHz tx=257ms DC=51.4% floods=157
[B(0xBB)] 09:21:24.593 [RX] DATA id=93 from 0x33 payload=330093 (total=30)
[B(0xBB)] 09:21:24.748 [TX] ACK id=93 → 0x33
[C(FLOOD)] 09:21:25.005 [FLOOD] Hello seq=157 ch=924.2MHz tx=257ms DC=51.4% floods=158
[B(0xBB)] 09:21:25.171 [RX] DATA id=93 from 0x22 payload=220093 (total=31)
[B(0xBB)] 09:21:25.326 [TX] ACK id=93 → 0x22
[C(FLOOD)] 09:21:25.514 [FLOOD] Hello seq=158 ch=924.4MHz tx=257ms DC=51.4% floods=159
[A(0xAA)] 09:21:25.688 [TX] DATA id=1 via=0xBB DC=0.00% PDR=50.0%
[B(0xBB)] 09:21:25.691 [RX] DATA id=1 from 0xAA payload=A00001 (total=32)
[A(0xAA)] 09:21:25.700 [DC] current=0.00% window_tx=285ms
[B(0xBB)] 09:21:25.832 [TX] ACK id=1 → 0xAA
[A(0xAA)] 09:21:25.840 [RX] ACK id=1 PDR=100.0%
[C(FLOOD)] 09:21:26.009 [FLOOD] Hello seq=159 ch=924.6MHz tx=257ms DC=51.4% floods=160
[C(FLOOD)] 09:21:26.009 [FLOOD] Honest nodes forced to re-broadcast → consuming their 1% DC budget
[C(FLOOD)] 09:21:26.009 [FLOOD] Expected: honest nodes cannot send data after ~20 floods
[C(FLOOD)] 09:21:26.517 [FLOOD] Hello seq=160 ch=923.2MHz tx=257ms DC=51.4% floods=161
[A(0xAA)] 09:21:26.606 [RELAY] SUPPRESSED — DC=30.78% > 1% (flood causing starvation)
[B(0xBB)] 09:21:26.614 [TX] Hello seq=8 (hello #9)
[C(FLOOD)] 09:21:27.011 [FLOOD] Hello seq=161 ch=923.4MHz tx=257ms DC=51.4% floods=162
[R1(0x11)] 09:21:27.365 [RELAY] Re-broadcast Hello metric=1 (learned from 0xBB metric=0)
[A(0xAA)] 09:21:27.372 [RELAY] SUPPRESSED — DC=16.89% > 1% (flood causing starvation)
[C(FLOOD)] 09:21:27.511 [FLOOD] Hello seq=162 ch=923.6MHz tx=257ms DC=51.4% floods=163
[C(FLOOD)] 09:21:28.016 [FLOOD] Hello seq=163 ch=923.8MHz tx=257ms DC=51.4% floods=164
[C(FLOOD)] 09:21:28.516 [FLOOD] Hello seq=164 ch=924.0MHz tx=257ms DC=51.4% floods=165
[C(FLOOD)] 09:21:29.011 [FLOOD] Hello seq=165 ch=924.2MHz tx=257ms DC=51.4% floods=166
[C(FLOOD)] 09:21:29.513 [FLOOD] Hello seq=166 ch=924.4MHz tx=257ms DC=51.4% floods=167
[B(0xBB)] 09:21:29.593 [RX] DATA id=94 from 0x33 payload=330094 (total=33)
[R1(0x11)] 09:21:29.681 [TX] DATA id=11 via=0xBB
[B(0xBB)] 09:21:29.743 [TX] ACK id=94 → 0x33
[C(FLOOD)] 09:21:30.011 [FLOOD] Hello seq=167 ch=924.6MHz tx=257ms DC=51.4% floods=168
[B(0xBB)] 09:21:30.181 [RX] DATA id=94 from 0x22 payload=220094 (total=34)
[B(0xBB)] 09:21:30.323 [TX] ACK id=94 → 0x22
[A(0xAA)] 09:21:30.395 [TX] DATA BLOCKED — DC=6.05% > 1% limit (blocked=15)
[A(0xAA)] 09:21:30.406 [DC] current=6.03% window_tx=285ms
[C(FLOOD)] 09:21:30.513 [FLOOD] Hello seq=168 ch=923.2MHz tx=257ms DC=51.4% floods=169
[C(FLOOD)] 09:21:31.016 [FLOOD] Hello seq=169 ch=923.4MHz tx=257ms DC=51.4% floods=170
[C(FLOOD)] 09:21:31.016 [FLOOD] Honest nodes forced to re-broadcast → consuming their 1% DC budget
[C(FLOOD)] 09:21:31.016 [FLOOD] Expected: honest nodes cannot send data after ~20 floods
[C(FLOOD)] 09:21:31.506 [FLOOD] Hello seq=170 ch=923.6MHz tx=257ms DC=51.4% floods=171
[C(FLOOD)] 09:21:32.009 [FLOOD] Hello seq=171 ch=923.8MHz tx=257ms DC=51.4% floods=172
[C(FLOOD)] 09:21:32.511 [FLOOD] Hello seq=172 ch=924.0MHz tx=257ms DC=51.4% floods=173
[C(FLOOD)] 09:21:33.009 [FLOOD] Hello seq=173 ch=924.2MHz tx=257ms DC=51.4% floods=174
[C(FLOOD)] 09:21:33.509 [FLOOD] Hello seq=174 ch=924.4MHz tx=257ms DC=51.4% floods=175
[C(FLOOD)] 09:21:34.017 [FLOOD] Hello seq=175 ch=924.6MHz tx=257ms DC=51.4% floods=176
[C(FLOOD)] 09:21:34.508 [FLOOD] Hello seq=176 ch=923.2MHz tx=257ms DC=51.4% floods=177
[B(0xBB)] 09:21:34.604 [RX] DATA id=95 from 0x33 payload=330095 (total=35)
[B(0xBB)] 09:21:34.749 [TX] ACK id=95 → 0x33
[C(FLOOD)] 09:21:35.010 [FLOOD] Hello seq=177 ch=923.4MHz tx=257ms DC=51.4% floods=178
[B(0xBB)] 09:21:35.180 [RX] DATA id=95 from 0x22 payload=220095 (total=36)
[B(0xBB)] 09:21:35.319 [TX] ACK id=95 → 0x22
[A(0xAA)] 09:21:35.405 [TX] DATA BLOCKED — DC=2.93% > 1% limit (blocked=16)
[A(0xAA)] 09:21:35.405 [DC] current=2.93% window_tx=285ms
[C(FLOOD)] 09:21:35.511 [FLOOD] Hello seq=178 ch=923.6MHz tx=257ms DC=51.4% floods=179
[C(FLOOD)] 09:21:36.013 [FLOOD] Hello seq=179 ch=923.8MHz tx=257ms DC=51.4% floods=180
[C(FLOOD)] 09:21:36.013 [FLOOD] Honest nodes forced to re-broadcast → consuming their 1% DC budget
[C(FLOOD)] 09:21:36.014 [FLOOD] Expected: honest nodes cannot send data after ~20 floods
[C(FLOOD)] 09:21:36.509 [FLOOD] Hello seq=180 ch=924.0MHz tx=257ms DC=51.4% floods=181
[B(0xBB)] 09:21:36.610 [TX] Hello seq=9 (hello #10)
[R1(0x11)] 09:21:36.687 [TX] DATA id=12 via=0xBB
[C(FLOOD)] 09:21:37.014 [FLOOD] Hello seq=181 ch=924.2MHz tx=257ms DC=51.4% floods=182
[A(0xAA)] 09:21:37.371 [RELAY] SUPPRESSED — DC=2.44% > 1% (flood causing starvation)
[C(FLOOD)] 09:21:37.513 [FLOOD] Hello seq=182 ch=924.4MHz tx=257ms DC=51.4% floods=183
[C(FLOOD)] 09:21:38.009 [FLOOD] Hello seq=183 ch=924.6MHz tx=257ms DC=51.4% floods=184
[R1(0x11)] 09:21:38.125 [RELAY] Re-broadcast Hello metric=2 (learned from 0x33 metric=1)
[A(0xAA)] 09:21:38.135 [RELAY] SUPPRESSED — DC=2.29% > 1% (flood causing starvation)
[C(FLOOD)] 09:21:38.515 [FLOOD] Hello seq=184 ch=923.2MHz tx=257ms DC=51.4% floods=185
[A(0xAA)] 09:21:38.901 [RELAY] SUPPRESSED — DC=2.16% > 1% (flood causing starvation)
[C(FLOOD)] 09:21:39.009 [FLOOD] Hello seq=185 ch=923.4MHz tx=257ms DC=51.4% floods=186
[C(FLOOD)] 09:21:39.510 [FLOOD] Hello seq=186 ch=923.6MHz tx=257ms DC=51.4% floods=187
[B(0xBB)] 09:21:39.599 [RX] DATA id=96 from 0x33 payload=330096 (total=37)
[R1(0x11)] 09:21:39.655 [RELAY] Re-broadcast Hello metric=4 (learned from 0x33 metric=3)
[B(0xBB)] 09:21:39.740 [TX] ACK id=96 → 0x33
[C(FLOOD)] 09:21:40.010 [FLOOD] Hello seq=187 ch=923.8MHz tx=257ms DC=51.4% floods=188
[B(0xBB)] 09:21:40.178 [RX] DATA id=96 from 0x22 payload=220096 (total=38)
[B(0xBB)] 09:21:40.322 [TX] ACK id=96 → 0x22
[A(0xAA)] 09:21:40.401 [TX] DATA BLOCKED — DC=1.94% > 1% limit (blocked=17)
[A(0xAA)] 09:21:40.414 [DC] current=1.94% window_tx=285ms
[C(FLOOD)] 09:21:40.514 [FLOOD] Hello seq=188 ch=924.0MHz tx=257ms DC=51.4% floods=189
[C(FLOOD)] 09:21:41.015 [FLOOD] Hello seq=189 ch=924.2MHz tx=257ms DC=51.4% floods=190
[C(FLOOD)] 09:21:41.015 [FLOOD] Honest nodes forced to re-broadcast → consuming their 1% DC budget
[C(FLOOD)] 09:21:41.016 [FLOOD] Expected: honest nodes cannot send data after ~20 floods
[C(FLOOD)] 09:21:41.513 [FLOOD] Hello seq=190 ch=924.4MHz tx=257ms DC=51.4% floods=191
[C(FLOOD)] 09:21:42.005 [FLOOD] Hello seq=191 ch=924.6MHz tx=257ms DC=51.4% floods=192
[C(FLOOD)] 09:21:42.512 [FLOOD] Hello seq=192 ch=923.2MHz tx=257ms DC=51.4% floods=193
[C(FLOOD)] 09:21:43.015 [FLOOD] Hello seq=193 ch=923.4MHz tx=257ms DC=51.4% floods=194
[C(FLOOD)] 09:21:43.505 [FLOOD] Hello seq=194 ch=923.6MHz tx=257ms DC=51.4% floods=195
[R1(0x11)] 09:21:43.686 [TX] DATA id=13 via=0xBB
[B(0xBB)] 09:21:43.690 [RX] DATA id=13 from 0x11 payload=110013 (total=39)
[B(0xBB)] 09:21:43.842 [TX] ACK id=13 → 0x11
[R1(0x11)] 09:21:43.843 [RX] ACK id=13 PDR=64.3%
[C(FLOOD)] 09:21:44.009 [FLOOD] Hello seq=195 ch=923.8MHz tx=257ms DC=51.4% floods=196
[C(FLOOD)] 09:21:44.517 [FLOOD] Hello seq=196 ch=924.0MHz tx=257ms DC=51.4% floods=197
[B(0xBB)] 09:21:44.599 [RX] DATA id=97 from 0x33 payload=330097 (total=40)
[B(0xBB)] 09:21:44.743 [TX] ACK id=97 → 0x33
[C(FLOOD)] 09:21:45.015 [FLOOD] Hello seq=197 ch=924.2MHz tx=257ms DC=51.4% floods=198
[B(0xBB)] 09:21:45.169 [RX] DATA id=97 from 0x22 payload=220097 (total=41)
[B(0xBB)] 09:21:45.323 [TX] ACK id=97 → 0x22
[A(0xAA)] 09:21:45.399 [TX] DATA BLOCKED — DC=1.45% > 1% limit (blocked=18)
[A(0xAA)] 09:21:45.412 [DC] current=1.45% window_tx=285ms
[C(FLOOD)] 09:21:45.511 [FLOOD] Hello seq=198 ch=924.4MHz tx=257ms DC=51.4% floods=199
[C(FLOOD)] 09:21:46.014 [FLOOD] Hello seq=199 ch=924.6MHz tx=257ms DC=51.4% floods=200
[C(FLOOD)] 09:21:46.015 [FLOOD] Honest nodes forced to re-broadcast → consuming their 1% DC budget
[C(FLOOD)] 09:21:46.015 [FLOOD] Expected: honest nodes cannot send data after ~20 floods
[C(FLOOD)] 09:21:46.506 [FLOOD] Hello seq=200 ch=923.2MHz tx=257ms DC=51.4% floods=201
[B(0xBB)] 09:21:46.607 [TX] Hello seq=10 (hello #11)
[A(0xAA)] 09:21:46.607 [RELAY] SUPPRESSED — DC=1.36% > 1% (flood causing starvation)
[C(FLOOD)] 09:21:47.007 [FLOOD] Hello seq=201 ch=923.4MHz tx=257ms DC=51.4% floods=202
[R1(0x11)] 09:21:47.365 [RELAY] Re-broadcast Hello metric=1 (learned from 0xBB metric=0)
[A(0xAA)] 09:21:47.379 [ROUTE] NH=0x22 metric=2
[A(0xAA)] 09:21:47.379 [RELAY] SUPPRESSED — DC=1.31% > 1% (flood causing starvation)
[C(FLOOD)] 09:21:47.512 [FLOOD] Hello seq=202 ch=923.6MHz tx=257ms DC=51.4% floods=203
[C(FLOOD)] 09:21:48.009 [FLOOD] Hello seq=203 ch=923.8MHz tx=257ms DC=51.4% floods=204
[C(FLOOD)] 09:21:48.516 [FLOOD] Hello seq=204 ch=924.0MHz tx=257ms DC=51.4% floods=205
[C(FLOOD)] 09:21:49.006 [FLOOD] Hello seq=205 ch=924.2MHz tx=257ms DC=51.4% floods=206
[C(FLOOD)] 09:21:49.515 [FLOOD] Hello seq=206 ch=924.4MHz tx=257ms DC=51.4% floods=207
[B(0xBB)] 09:21:49.597 [RX] DATA id=98 from 0x33 payload=330098 (total=42)
[B(0xBB)] 09:21:49.751 [TX] ACK id=98 → 0x33
[C(FLOOD)] 09:21:50.006 [FLOOD] Hello seq=207 ch=924.6MHz tx=257ms DC=51.4% floods=208
[B(0xBB)] 09:21:50.177 [RX] DATA id=98 from 0x22 payload=220098 (total=43)
[B(0xBB)] 09:21:50.327 [TX] ACK id=98 → 0x22
[A(0xAA)] 09:21:50.399 [TX] DATA BLOCKED — DC=1.15% > 1% limit (blocked=19)
[A(0xAA)] 09:21:50.412 [DC] current=1.15% window_tx=285ms
[C(FLOOD)] 09:21:50.509 [FLOOD] Hello seq=208 ch=923.2MHz tx=257ms DC=51.4% floods=209
[R1(0x11)] 09:21:50.689 [TX] DATA id=14 via=0xBB
[B(0xBB)] 09:21:50.692 [RX] DATA id=14 from 0x11 payload=110014 (total=44)
[B(0xBB)] 09:21:50.838 [TX] ACK id=14 → 0x11
[R1(0x11)] 09:21:50.839 [RX] ACK id=14 PDR=66.7%
[C(FLOOD)] 09:21:51.009 [FLOOD] Hello seq=209 ch=923.4MHz tx=257ms DC=51.4% floods=210
[C(FLOOD)] 09:21:51.010 [FLOOD] Honest nodes forced to re-broadcast → consuming their 1% DC budget
[C(FLOOD)] 09:21:51.010 [FLOOD] Expected: honest nodes cannot send data after ~20 floods
[C(FLOOD)] 09:21:51.511 [FLOOD] Hello seq=210 ch=923.6MHz tx=257ms DC=51.4% floods=211
[C(FLOOD)] 09:21:52.013 [FLOOD] Hello seq=211 ch=923.8MHz tx=257ms DC=51.4% floods=212
[C(FLOOD)] 09:21:52.517 [FLOOD] Hello seq=212 ch=924.0MHz tx=257ms DC=51.4% floods=213
[C(FLOOD)] 09:21:53.013 [FLOOD] Hello seq=213 ch=924.2MHz tx=257ms DC=51.4% floods=214
[C(FLOOD)] 09:21:53.511 [FLOOD] Hello seq=214 ch=924.4MHz tx=257ms DC=51.4% floods=215
[C(FLOOD)] 09:21:54.015 [FLOOD] Hello seq=215 ch=924.6MHz tx=257ms DC=51.4% floods=216
[C(FLOOD)] 09:21:54.517 [FLOOD] Hello seq=216 ch=923.2MHz tx=257ms DC=51.4% floods=217
[B(0xBB)] 09:21:54.602 [RX] DATA id=99 from 0x33 payload=330099 (total=45)
[B(0xBB)] 09:21:54.746 [TX] ACK id=99 → 0x33
[C(FLOOD)] 09:21:55.017 [FLOOD] Hello seq=217 ch=923.4MHz tx=257ms DC=51.4% floods=218
[B(0xBB)] 09:21:55.174 [RX] DATA id=99 from 0x22 payload=220099 (total=46)
[B(0xBB)] 09:21:55.316 [TX] ACK id=99 → 0x22
[C(FLOOD)] 09:21:55.509 [FLOOD] Hello seq=218 ch=923.6MHz tx=257ms DC=51.4% floods=219
[A(0xAA)] 09:21:55.682 [TX] DATA id=2 via=0x22 DC=0.00% PDR=66.7%
[B(0xBB)] 09:21:55.686 [RX] DATA id=2 from 0xAA payload=A00002 (total=47)
[A(0xAA)] 09:21:55.693 [DC] current=0.00% window_tx=285ms
[B(0xBB)] 09:21:55.836 [TX] ACK id=2 → 0xAA
[C(FLOOD)] 09:21:56.016 [FLOOD] Hello seq=219 ch=923.8MHz tx=257ms DC=51.4% floods=220
[C(FLOOD)] 09:21:56.017 [FLOOD] Honest nodes forced to re-broadcast → consuming their 1% DC budget
[C(FLOOD)] 09:21:56.017 [FLOOD] Expected: honest nodes cannot send data after ~20 floods
[C(FLOOD)] 09:21:56.515 [FLOOD] Hello seq=220 ch=924.0MHz tx=257ms DC=51.4% floods=221
[A(0xAA)] 09:21:56.611 [ROUTE] NH=0xBB metric=1
[A(0xAA)] 09:21:56.611 [RELAY] SUPPRESSED — DC=30.78% > 1% (flood causing starvation)
[B(0xBB)] 09:21:56.614 [TX] Hello seq=11 (hello #12)
[R1(0x11)] 09:21:56.618 [ROUTE] NH=0xBB metric=1
[C(FLOOD)] 09:21:57.015 [FLOOD] Hello seq=221 ch=924.2MHz tx=257ms DC=51.4% floods=222
[A(0xAA)] 09:21:57.374 [RELAY] SUPPRESSED — DC=16.89% > 1% (flood causing starvation)
[R1(0x11)] 09:21:57.374 [RELAY] Re-broadcast Hello metric=1 (learned from 0xBB metric=0)
[C(FLOOD)] 09:21:57.517 [FLOOD] Hello seq=222 ch=924.4MHz tx=257ms DC=51.4% floods=223
[R1(0x11)] 09:21:57.687 [TX] DATA id=15 via=0xBB
[B(0xBB)] 09:21:57.687 [RX] DATA id=15 from 0x11 payload=110015 (total=48)
[R1(0x11)] 09:21:57.840 [RX] ACK id=15 PDR=68.8%
[B(0xBB)] 09:21:57.840 [TX] ACK id=15 → 0x11
[C(FLOOD)] 09:21:58.013 [FLOOD] Hello seq=223 ch=924.6MHz tx=257ms DC=51.4% floods=224
[C(FLOOD)] 09:21:58.517 [FLOOD] Hello seq=224 ch=923.2MHz tx=257ms DC=51.4% floods=225
[C(FLOOD)] 09:21:59.009 [FLOOD] Hello seq=225 ch=923.4MHz tx=257ms DC=51.4% floods=226
[C(FLOOD)] 09:21:59.513 [FLOOD] Hello seq=226 ch=923.6MHz tx=257ms DC=51.4% floods=227
[B(0xBB)] 09:21:59.603 [RX] DATA id=100 from 0x33 payload=330100 (total=49)
[B(0xBB)] 09:21:59.744 [TX] ACK id=100 → 0x33
[C(FLOOD)] 09:22:00.013 [FLOOD] Hello seq=227 ch=923.8MHz tx=257ms DC=51.4% floods=228
[B(0xBB)] 09:22:00.180 [RX] DATA id=100 from 0x22 payload=220100 (total=50)
[B(0xBB)] 09:22:00.321 [TX] ACK id=100 → 0x22
[A(0xAA)] 09:22:00.394 [TX] DATA BLOCKED — DC=6.05% > 1% limit (blocked=20)
[A(0xAA)] 09:22:00.407 [DC] current=6.03% window_tx=285ms
[C(FLOOD)] 09:22:00.514 [FLOOD] Hello seq=228 ch=924.0MHz tx=257ms DC=51.4% floods=229
[C(FLOOD)] 09:22:01.017 [FLOOD] Hello seq=229 ch=924.2MHz tx=257ms DC=51.4% floods=230
[C(FLOOD)] 09:22:01.017 [FLOOD] Honest nodes forced to re-broadcast → consuming their 1% DC budget
[C(FLOOD)] 09:22:01.017 [FLOOD] Expected: honest nodes cannot send data after ~20 floods
[C(FLOOD)] 09:22:01.507 [FLOOD] Hello seq=230 ch=924.4MHz tx=257ms DC=51.4% floods=231
[C(FLOOD)] 09:22:02.006 [FLOOD] Hello seq=231 ch=924.6MHz tx=257ms DC=51.4% floods=232
[C(FLOOD)] 09:22:02.510 [FLOOD] Hello seq=232 ch=923.2MHz tx=257ms DC=51.4% floods=233
[C(FLOOD)] 09:22:03.010 [FLOOD] Hello seq=233 ch=923.4MHz tx=257ms DC=51.4% floods=234
[C(FLOOD)] 09:22:03.509 [FLOOD] Hello seq=234 ch=923.6MHz tx=257ms DC=51.4% floods=235
[C(FLOOD)] 09:22:04.005 [FLOOD] Hello seq=235 ch=923.8MHz tx=257ms DC=51.4% floods=236
[C(FLOOD)] 09:22:04.508 [FLOOD] Hello seq=236 ch=924.0MHz tx=257ms DC=51.4% floods=237
[B(0xBB)] 09:22:04.600 [RX] DATA id=101 from 0x33 payload=330101 (total=51)
[R1(0x11)] 09:22:04.690 [TX] DATA id=16 via=0xBB
[B(0xBB)] 09:22:04.748 [TX] ACK id=101 → 0x33
[C(FLOOD)] 09:22:05.010 [FLOOD] Hello seq=237 ch=924.2MHz tx=257ms DC=51.4% floods=238
[B(0xBB)] 09:22:05.171 [RX] DATA id=101 from 0x22 payload=220101 (total=52)
[B(0xBB)] 09:22:05.320 [TX] ACK id=101 → 0x22
[A(0xAA)] 09:22:05.398 [TX] DATA BLOCKED — DC=2.93% > 1% limit (blocked=21)
[A(0xAA)] 09:22:05.410 [DC] current=2.93% window_tx=285ms
[C(FLOOD)] 09:22:05.506 [FLOOD] Hello seq=238 ch=924.4MHz tx=257ms DC=51.4% floods=239
